[36m‚†ã[39m Generating browser application bundles (phase: setup)...[2K[1G[36m‚†ô[39m Generating browser application bundles (phase: setup)...[2K[1G[36m‚†π[39m Generating browser application bundles (phase: building)...[2K[1G[36m‚†∏[39m Generating browser application bundles (phase: building)...[2K[1G[36m‚†º[39m Generating browser application bundles (phase: building)...[2K[1G[36m‚†¥[39m Generating browser application bundles (phase: building)...[2K[1G[36m‚†¶[39m Generating browser application bundles (phase: building)...[2K[1G[36m‚†ß[39m Generating browser application bundles (phase: building)...[2K[1G[36m‚†á[39m Generating browser application bundles (phase: building)...[2K[1G[36m‚†è[39m Generating browser application bundles (phase: building)...[2K[1G[36m‚†ã[39m Generating browser application bundles (phase: building)...[2K[1G[36m‚†ô[39m Generating browser application bundles (phase: building)...[2K[1G[36m‚†π[39m Generating browser application bundles (phase: building)...[2K[1G[36m‚†∏[39m Generating browser application bundles (phase: building)...[2K[1G[36m‚†º[39m Generating browser application bundles (phase: building)...[2K[1G[36m‚†¥[39m Generating browser application bundles (phase: building)...[2K[1G[36m‚†¶[39m Generating browser application bundles (phase: building)...[2K[1G[36m‚†ß[39m Generating browser application bundles (phase: sealing)...[2K[1G[36m‚†á[39m Generating browser application bundles (phase: sealing)...[2K[1G[36m‚†è[39m Generating browser application bundles (phase: sealing)...[2K[1G[36m‚†ã[39m Generating browser application bundles (phase: sealing)...[2K[1G[36m‚†ô[39m Generating browser application bundles (phase: sealing)...[2K[1G[36m‚†π[39m Generating browser application bundles (phase: sealing)...[2K[1G[36m‚†∏[39m Generating browser application bundles (phase: emitting)...[2K[1G[36m‚†º[39m Generating browser application bundles (phase: emitting)...[2K[1G[32m‚úî[39m Browser application bundle generation complete.
[37m[39m
[37m[0m[1mInitial Chunk Files[22m  [2m | [22m[1mNames[22m        [2m | [22m [1mRaw Size[22m[0m[39m
[37m[0m[92mvendor.js[39m[37m            [2m | [22mvendor       [2m | [22m  [96m5.69 MB[39m[37m[2m | [22m[0m[39m
[37m[0m[92mpolyfills.js[39m[37m         [2m | [22mpolyfills    [2m | [22m[96m333.17 kB[39m[37m[2m | [22m[0m[39m
[37m[0m[92mstyles.css, styles.js[39m[37m[2m | [22mstyles       [2m | [22m[96m232.39 kB[39m[37m[2m | [22m[0m[39m
[37m[0m[92mmain.js[39m[37m              [2m | [22mmain         [2m | [22m [96m79.66 kB[39m[37m[2m | [22m[0m[39m
[37m[0m[92mruntime.js[39m[37m           [2m | [22mruntime      [2m | [22m  [96m8.01 kB[39m[37m[2m | [22m[0m[39m
[37m[0m[0m[39m
[37m[0m[1m [22m                    [2m | [22m[1mInitial Total[22m[2m | [22m  [1m6.32 MB[22m[0m[39m
[37m[0m[0m[39m
[37m[0mBuild at: [1m[37m2023-11-29T07:41:19.113Z[39m[37m[22m - Hash: [1m[37ma533c288f93f229f[39m[37m[22m - Time: [1m[37m14765[39m[37m[22mms[0m[39m
[1m[33m[39m[22m
[1m[33m[0m[33mWarning: [39m[33m[0mC:\Users\hp\Desktop\Angular Projects\Expense tracking app\Omoka app\Omoka-app\node_modules\angular-highcharts\fesm2022\angular-highcharts.mjs depends on 'highcharts'. CommonJS or AMD dependencies can cause optimization bailouts.[39m[22m
[1m[33mFor more info see: https://angular.io/guide/build#configuring-commonjs-dependencies[39m[22m
[1m[33m[39m[22m
[1m[33m[0m[33mWarning: [39m[33m[0mC:\Users\hp\Desktop\Angular Projects\Expense tracking app\Omoka app\Omoka-app\node_modules\angular-highcharts\fesm2022\angular-highcharts.mjs depends on 'highcharts/highcharts-gantt'. CommonJS or AMD dependencies can cause optimization bailouts.[39m[22m
[1m[33mFor more info see: https://angular.io/guide/build#configuring-commonjs-dependencies[39m[22m
[1m[33m[39m[22m
[1m[33m[0m[33mWarning: [39m[33m[0mC:\Users\hp\Desktop\Angular Projects\Expense tracking app\Omoka app\Omoka-app\node_modules\angular-highcharts\fesm2022\angular-highcharts.mjs depends on 'highcharts/highmaps'. CommonJS or AMD dependencies can cause optimization bailouts.[39m[22m
[1m[33mFor more info see: https://angular.io/guide/build#configuring-commonjs-dependencies[39m[22m
[1m[33m[39m[22m
[1m[33m[0m[33mWarning: [39m[33m[0mC:\Users\hp\Desktop\Angular Projects\Expense tracking app\Omoka app\Omoka-app\node_modules\angular-highcharts\fesm2022\angular-highcharts.mjs depends on 'highcharts/highstock'. CommonJS or AMD dependencies can cause optimization bailouts.[39m[22m
[1m[33mFor more info see: https://angular.io/guide/build#configuring-commonjs-dependencies[39m[22m
[1m[33m[39m[22m
[1m[33m[39m[22m
[37m[39m
[37m** Angular Live Development Server is listening on localhost:4200, open your browser on http://localhost:4200/ **[39m
[37m[39m
[37m[39m
[37m[92m‚àö[39m[37m Compiled successfully.[39m
[36m‚†ã[39m Generating browser application bundles...[2K[1G[36m‚†ô[39m Generating browser application bundles (phase: building)...[2K[1G[36m‚†π[39m Generating browser application bundles (phase: building)...[2K[1G[36m‚†∏[39m Generating browser application bundles (phase: building)...[2K[1G[36m‚†º[39m Generating browser application bundles (phase: building)...[2K[1G[36m‚†¥[39m Generating browser application bundles (phase: building)...[2K[1G[36m‚†¶[39m Generating browser application bundles (phase: building)...[2K[1G[36m‚†ß[39m Generating browser application bundles (phase: building)...[2K[1G[36m‚†á[39m Generating browser application bundles (phase: building)...[2K[1G[36m‚†è[39m Generating browser application bundles (phase: building)...[2K[1G[36m‚†ã[39m Generating browser application bundles (phase: sealing)...[2K[1G[36m‚†ô[39m Generating browser application bundles (phase: sealing)...[2K[1G[36m‚†π[39m Generating browser application bundles (phase: sealing)...[2K[1G[36m‚†∏[39m Generating browser application bundles (phase: sealing)...[2K[1G[36m‚†º[39m Generating browser application bundles (phase: emitting)...[2K[1G[32m‚úî[39m Browser application bundle generation complete.
[37m[39m
[37m[0m[1mInitial Chunk Files[22m[2m | [22m[1mNames[22m  [2m | [22m[1mRaw Size[22m[0m[39m
[37m[0m[92mruntime.js[39m[37m         [2m | [22mruntime[2m | [22m [96m8.01 kB[39m[37m[2m | [22m[0m[39m
[37m[0m[0m[39m
[37m[0m4 unchanged chunks[0m[39m
[37m[0m[0m[39m
[37m[0mBuild at: [1m[37m2023-11-29T08:28:22.230Z[39m[37m[22m - Hash: [1m[37md7aa53df7cb4daaa[39m[37m[22m - Time: [1m[37m4521[39m[37m[22mms[0m[39m
[37m[39m
[37m[92m‚àö[39m[37m Compiled successfully.[39m
[36m‚†ã[39m Generating browser application bundles...[2K[1G[36m‚†ô[39m Generating browser application bundles (phase: building)...[2K[1G[36m‚†π[39m Generating browser application bundles (phase: building)...[2K[1G[36m‚†∏[39m Generating browser application bundles (phase: sealing)...[2K[1G[36m‚†º[39m Generating browser application bundles (phase: emitting)...[2K[1G[32m‚úî[39m Browser application bundle generation complete.
[37m[39m
[37m[0m[1mInitial Chunk Files[22m[2m | [22m[1mNames[22m  [2m | [22m[1mRaw Size[22m[0m[39m
[37m[0m[92mmain.js[39m[37m            [2m | [22mmain   [2m | [22m[96m79.66 kB[39m[37m[2m | [22m[0m[39m
[37m[0m[92mruntime.js[39m[37m         [2m | [22mruntime[2m | [22m [96m8.01 kB[39m[37m[2m | [22m[0m[39m
[37m[0m[0m[39m
[37m[0m3 unchanged chunks[0m[39m
[37m[0m[0m[39m
[37m[0mBuild at: [1m[37m2023-11-29T08:28:27.477Z[39m[37m[22m - Hash: [1m[37mc8be6d51f4f3b6a3[39m[37m[22m - Time: [1m[37m2115[39m[37m[22mms[0m[39m
[37m[39m
[37m[92m‚àö[39m[37m Compiled successfully.[39m
[36m‚†ã[39m Generating browser application bundles...[2K[1G[36m‚†ô[39m Generating browser application bundles (phase: building)...[2K[1G[36m‚†π[39m Generating browser application bundles (phase: building)...[2K[1G[36m‚†∏[39m Generating browser application bundles (phase: sealing)...[2K[1G[32m‚úî[39m Browser application bundle generation complete.
[37m[39m
[37m[0m[1mInitial Chunk Files[22m[2m | [22m[1mNames[22m  [2m | [22m[1mRaw Size[22m[0m[39m
[37m[0m[92mmain.js[39m[37m            [2m | [22mmain   [2m | [22m[96m80.04 kB[39m[37m[2m | [22m[0m[39m
[37m[0m[92mruntime.js[39m[37m         [2m | [22mruntime[2m | [22m [96m8.01 kB[39m[37m[2m | [22m[0m[39m
[37m[0m[0m[39m
[37m[0m3 unchanged chunks[0m[39m
[37m[0m[0m[39m
[37m[0mBuild at: [1m[37m2023-11-29T08:28:57.297Z[39m[37m[22m - Hash: [1m[37m5973fc4cc513cbbc[39m[37m[22m - Time: [1m[37m893[39m[37m[22mms[0m[39m
[1m[31m[39m[22m
[1m[31m[0m[91mError: [39m[31m[0m[96msrc/app/side-nav/side-nav.component.ts[0m:[93m25[0m:[93m4[0m - [91merror[0m[90m TS2304: [0mCannot find name 'Output'.[39m[22m
[1m[31m[39m[22m
[1m[31m[7m25[0m   @Output() componentSelected = new EventEmitter<string>();[39m[22m
[1m[31m[7m  [0m [91m   ~~~~~~[0m[39m[22m
[1m[31m[39m[22m
[1m[31m[39m[22m
[1m[31m[39m[22m
[37m[39m
[37m[91m√ó[39m[37m Failed to compile.[39m
[36m‚†ã[39m Generating browser application bundles...[2K[1G[36m‚†ô[39m Generating browser application bundles (phase: building)...[2K[1G[36m‚†π[39m Generating browser application bundles (phase: building)...[2K[1G[36m‚†∏[39m Generating browser application bundles (phase: building)...[2K[1G[36m‚†º[39m Generating browser application bundles (phase: sealing)...[2K[1G[36m‚†¥[39m Generating browser application bundles (phase: emitting)...[2K[1G[32m‚úî[39m Browser application bundle generation complete.
[37m[39m
[37m[0m[1mInitial Chunk Files[22m[2m | [22m[1mNames[22m  [2m | [22m[1mRaw Size[22m[0m[39m
[37m[0m[92mmain.js[39m[37m            [2m | [22mmain   [2m | [22m[96m79.89 kB[39m[37m[2m | [22m[0m[39m
[37m[0m[92mruntime.js[39m[37m         [2m | [22mruntime[2m | [22m [96m8.01 kB[39m[37m[2m | [22m[0m[39m
[37m[0m[0m[39m
[37m[0m3 unchanged chunks[0m[39m
[37m[0m[0m[39m
[37m[0mBuild at: [1m[37m2023-11-29T08:29:22.675Z[39m[37m[22m - Hash: [1m[37mbad8b79fbce6ca67[39m[37m[22m - Time: [1m[37m1053[39m[37m[22mms[0m[39m
[37m[39m
[37m[92m‚àö[39m[37m Compiled successfully.[39m
[36m‚†ã[39m Generating browser application bundles...[2K[1G[36m‚†ô[39m Generating browser application bundles (phase: building)...[2K[1G[36m‚†π[39m Generating browser application bundles (phase: building)...[2K[1G[36m‚†∏[39m Generating browser application bundles (phase: building)...[2K[1G[36m‚†º[39m Generating browser application bundles (phase: sealing)...[2K[1G[32m‚úî[39m Browser application bundle generation complete.
[37m[39m
[37m[0m[1mInitial Chunk Files[22m[2m | [22m[1mNames[22m  [2m | [22m[1mRaw Size[22m[0m[39m
[37m[0m[92mmain.js[39m[37m            [2m | [22mmain   [2m | [22m[96m73.45 kB[39m[37m[2m | [22m[0m[39m
[37m[0m[92mruntime.js[39m[37m         [2m | [22mruntime[2m | [22m [96m8.01 kB[39m[37m[2m | [22m[0m[39m
[37m[0m[0m[39m
[37m[0m3 unchanged chunks[0m[39m
[37m[0m[0m[39m
[37m[0mBuild at: [1m[37m2023-11-29T08:30:10.733Z[39m[37m[22m - Hash: [1m[37m6971061778d0b62e[39m[37m[22m - Time: [1m[37m877[39m[37m[22mms[0m[39m
[1m[31m[39m[22m
[1m[31m[0m[91mError: [39m[31m[0m[96msrc/app/side-nav/side-nav.component.html[0m:[93m2[0m:[93m34[0m - [91merror[0m[90m NG5002: [0mEmpty expressions are not allowed[39m[22m
[1m[31m[39m[22m
[1m[31m[7m2[0m   <div class="nav-item" (click)="">[39m[22m
[1m[31m[7m [0m [91m                                 ~[0m[39m[22m
[1m[31m[39m[22m
[1m[31m  [96msrc/app/side-nav/side-nav.component.ts[0m:[93m14[0m:[93m16[0m[39m[22m
[1m[31m    [7m14[0m   templateUrl: './side-nav.component.html',[39m[22m
[1m[31m    [7m  [0m [96m               ~~~~~~~~~~~~~~~~~~~~~~~~~~~[0m[39m[22m
[1m[31m    Error occurs in the template of component SideNavComponent.[39m[22m
[1m[31m[39m[22m
[1m[31m[39m[22m
[1m[31m[39m[22m
[37m[39m
[37m[91m√ó[39m[37m Failed to compile.[39m
[36m‚†ã[39m Generating browser application bundles...[2K[1G[36m‚†ô[39m Generating browser application bundles (phase: building)...[2K[1G[36m‚†π[39m Generating browser application bundles (phase: building)...[2K[1G[36m‚†∏[39m Generating browser application bundles (phase: building)...[2K[1G[36m‚†º[39m Generating browser application bundles (phase: building)...[2K[1G[36m‚†¥[39m Generating browser application bundles (phase: building)...[2K[1G[36m‚†¶[39m Generating browser application bundles (phase: sealing)...[2K[1G[36m‚†ß[39m Generating browser application bundles (phase: emitting)...[2K[1G[32m‚úî[39m Browser application bundle generation complete.
[37m[39m
[37m[0m[1mInitial Chunk Files[22m[2m | [22m[1mNames[22m  [2m | [22m[1mRaw Size[22m[0m[39m
[37m[0m[92mmain.js[39m[37m            [2m | [22mmain   [2m | [22m[96m80.09 kB[39m[37m[2m | [22m[0m[39m
[37m[0m[92mruntime.js[39m[37m         [2m | [22mruntime[2m | [22m [96m8.01 kB[39m[37m[2m | [22m[0m[39m
[37m[0m[0m[39m
[37m[0m3 unchanged chunks[0m[39m
[37m[0m[0m[39m
[37m[0mBuild at: [1m[37m2023-11-29T08:30:15.417Z[39m[37m[22m - Hash: [1m[37m0e1f605aa962a3a1[39m[37m[22m - Time: [1m[37m1457[39m[37m[22mms[0m[39m
[37m[39m
[37m[92m‚àö[39m[37m Compiled successfully.[39m
[36m‚†ã[39m Generating browser application bundles...[2K[1G[36m‚†ô[39m Generating browser application bundles (phase: building)...[2K[1G[36m‚†π[39m Generating browser application bundles (phase: building)...[2K[1G[36m‚†∏[39m Generating browser application bundles (phase: building)...[2K[1G[36m‚†º[39m Generating browser application bundles (phase: emitting)...[2K[1G[32m‚úî[39m Browser application bundle generation complete.
[37m[39m
[37m[0m[1mInitial Chunk Files[22m[2m | [22m[1mNames[22m  [2m | [22m[1mRaw Size[22m[0m[39m
[37m[0m[92mmain.js[39m[37m            [2m | [22mmain   [2m | [22m[96m80.11 kB[39m[37m[2m | [22m[0m[39m
[37m[0m[92mruntime.js[39m[37m         [2m | [22mruntime[2m | [22m [96m8.01 kB[39m[37m[2m | [22m[0m[39m
[37m[0m[0m[39m
[37m[0m3 unchanged chunks[0m[39m
[37m[0m[0m[39m
[37m[0mBuild at: [1m[37m2023-11-29T08:30:40.427Z[39m[37m[22m - Hash: [1m[37mf8333b18b7243bb7[39m[37m[22m - Time: [1m[37m1032[39m[37m[22mms[0m[39m
[37m[39m
[37m[92m‚àö[39m[37m Compiled successfully.[39m
[36m‚†ã[39m Generating browser application bundles...[2K[1G[36m‚†ô[39m Generating browser application bundles (phase: building)...[2K[1G[36m‚†π[39m Generating browser application bundles (phase: building)...[2K[1G[36m‚†∏[39m Generating browser application bundles (phase: building)...[2K[1G[36m‚†º[39m Generating browser application bundles (phase: sealing)...[2K[1G[36m‚†¥[39m Generating browser application bundles (phase: emitting)...[2K[1G[32m‚úî[39m Browser application bundle generation complete.
[37m[39m
[37m[0m[1mInitial Chunk Files[22m[2m | [22m[1mNames[22m  [2m | [22m[1mRaw Size[22m[0m[39m
[37m[0m[92mmain.js[39m[37m            [2m | [22mmain   [2m | [22m[96m80.30 kB[39m[37m[2m | [22m[0m[39m
[37m[0m[92mruntime.js[39m[37m         [2m | [22mruntime[2m | [22m [96m8.01 kB[39m[37m[2m | [22m[0m[39m
[37m[0m[0m[39m
[37m[0m3 unchanged chunks[0m[39m
[37m[0m[0m[39m
[37m[0mBuild at: [1m[37m2023-11-29T08:31:52.902Z[39m[37m[22m - Hash: [1m[37ma8acda43ffbd3010[39m[37m[22m - Time: [1m[37m1305[39m[37m[22mms[0m[39m
[37m[39m
[37m[92m‚àö[39m[37m Compiled successfully.[39m
[36m‚†ã[39m Generating browser application bundles...[2K[1G[36m‚†ô[39m Generating browser application bundles (phase: building)...[2K[1G[36m‚†π[39m Generating browser application bundles (phase: building)...[2K[1G[36m‚†∏[39m Generating browser application bundles (phase: building)...[2K[1G[36m‚†º[39m Generating browser application bundles (phase: sealing)...[2K[1G[36m‚†¥[39m Generating browser application bundles (phase: emitting)...[2K[1G[32m‚úî[39m Browser application bundle generation complete.
[37m[39m
[37m[0m[1mInitial Chunk Files[22m[2m | [22m[1mNames[22m  [2m | [22m[1mRaw Size[22m[0m[39m
[37m[0m[92mmain.js[39m[37m            [2m | [22mmain   [2m | [22m[96m80.89 kB[39m[37m[2m | [22m[0m[39m
[37m[0m[92mruntime.js[39m[37m         [2m | [22mruntime[2m | [22m [96m8.01 kB[39m[37m[2m | [22m[0m[39m
[37m[0m[0m[39m
[37m[0m3 unchanged chunks[0m[39m
[37m[0m[0m[39m
[37m[0mBuild at: [1m[37m2023-11-29T08:33:40.331Z[39m[37m[22m - Hash: [1m[37m1415d39cd371683a[39m[37m[22m - Time: [1m[37m1082[39m[37m[22mms[0m[39m
[37m[39m
[37m[92m‚àö[39m[37m Compiled successfully.[39m
[36m‚†ã[39m Generating browser application bundles...[2K[1G[36m‚†ô[39m Generating browser application bundles (phase: building)...[2K[1G[36m‚†π[39m Generating browser application bundles (phase: building)...[2K[1G[36m‚†∏[39m Generating browser application bundles (phase: building)...[2K[1G[36m‚†º[39m Generating browser application bundles (phase: building)...[2K[1G[36m‚†¥[39m Generating browser application bundles (phase: building)...[2K[1G[36m‚†¶[39m Generating browser application bundles (phase: sealing)...[2K[1G[36m‚†ß[39m Generating browser application bundles (phase: emitting)...[2K[1G[32m‚úî[39m Browser application bundle generation complete.
[37m[39m
[37m[0m[1mInitial Chunk Files[22m[2m | [22m[1mNames[22m  [2m | [22m[1mRaw Size[22m[0m[39m
[37m[0m[92mmain.js[39m[37m            [2m | [22mmain   [2m | [22m[96m80.92 kB[39m[37m[2m | [22m[0m[39m
[37m[0m[92mruntime.js[39m[37m         [2m | [22mruntime[2m | [22m [96m8.01 kB[39m[37m[2m | [22m[0m[39m
[37m[0m[0m[39m
[37m[0m3 unchanged chunks[0m[39m
[37m[0m[0m[39m
[37m[0mBuild at: [1m[37m2023-11-29T08:37:37.061Z[39m[37m[22m - Hash: [1m[37mb5f2e2016b16ca05[39m[37m[22m - Time: [1m[37m1518[39m[37m[22mms[0m[39m
[37m[39m
[37m[92m‚àö[39m[37m Compiled successfully.[39m
[36m‚†ã[39m Generating browser application bundles...[2K[1G[36m‚†ô[39m Generating browser application bundles (phase: building)...[2K[1G[36m‚†π[39m Generating browser application bundles (phase: building)...[2K[1G[36m‚†∏[39m Generating browser application bundles (phase: sealing)...[2K[1G[36m‚†º[39m Generating browser application bundles (phase: emitting)...[2K[1G[32m‚úî[39m Browser application bundle generation complete.
[37m[39m
[37m[0m[1mInitial Chunk Files[22m[2m | [22m[1mNames[22m  [2m | [22m[1mRaw Size[22m[0m[39m
[37m[0m[92mmain.js[39m[37m            [2m | [22mmain   [2m | [22m[96m80.92 kB[39m[37m[2m | [22m[0m[39m
[37m[0m[92mruntime.js[39m[37m         [2m | [22mruntime[2m | [22m [96m8.01 kB[39m[37m[2m | [22m[0m[39m
[37m[0m[0m[39m
[37m[0m3 unchanged chunks[0m[39m
[37m[0m[0m[39m
[37m[0mBuild at: [1m[37m2023-11-29T08:37:38.811Z[39m[37m[22m - Hash: [1m[37m12a33576eedd3652[39m[37m[22m - Time: [1m[37m543[39m[37m[22mms[0m[39m
[37m[39m
[37m[92m‚àö[39m[37m Compiled successfully.[39m
[36m‚†ã[39m Generating browser application bundles...[2K[1G[36m‚†ô[39m Generating browser application bundles (phase: building)...[2K[1G[36m‚†π[39m Generating browser application bundles (phase: building)...[2K[1G[36m‚†∏[39m Generating browser application bundles (phase: building)...[2K[1G[36m‚†º[39m Generating browser application bundles (phase: sealing)...[2K[1G[36m‚†¥[39m Generating browser application bundles (phase: sealing)...[2K[1G[36m‚†¶[39m Generating browser application bundles (phase: sealing)...[2K[1G[36m‚†ß[39m Generating browser application bundles (phase: building)...[2K[1G[36m‚†á[39m Generating browser application bundles (phase: building)...[2K[1G[36m‚†è[39m Generating browser application bundles (phase: building)...[2K[1G[36m‚†ã[39m Generating browser application bundles (phase: sealing)...[2K[1G[32m‚úî[39m Browser application bundle generation complete.
[37m[39m
[37m[0m[1mInitial Chunk Files[22m[2m | [22m[1mNames[22m  [2m | [22m[1mRaw Size[22m[0m[39m
[37m[0m[92mmain.js[39m[37m            [2m | [22mmain   [2m | [22m[96m63.86 kB[39m[37m[2m | [22m[0m[39m
[37m[0m[92mruntime.js[39m[37m         [2m | [22mruntime[2m | [22m [96m8.01 kB[39m[37m[2m | [22m[0m[39m
[37m[0m[0m[39m
[37m[0m3 unchanged chunks[0m[39m
[37m[0m[0m[39m
[37m[0mBuild at: [1m[37m2023-11-29T08:38:58.445Z[39m[37m[22m - Hash: [1m[37m75d4812be77041d7[39m[37m[22m - Time: [1m[37m2227[39m[37m[22mms[0m[39m
[1m[31m[39m[22m
[1m[31m[0m[36m./src/app/app.module.ts[39m[31m[0m:[0m[93m20:66-83[39m[31m[0m - [0m[91mError: [39m[31m[0mexport 'MainDashComponent' (imported as 'MainDashComponent') was not found in './main-dash/main-dash.component' (module has no exports)[39m[22m
[1m[31m[39m[22m
[1m[31m[0m[91mError: [39m[31m[0m[96msrc/app/app.component.html[0m:[93m3[0m:[93m5[0m - [91merror[0m[90m NG8001: [0m'app-header' is not a known element:[39m[22m
[1m[31m1. If 'app-header' is an Angular component, then verify that it is part of this module.[39m[22m
[1m[31m2. If 'app-header' is a Web Component then add 'CUSTOM_ELEMENTS_SCHEMA' to the '@NgModule.schemas' of this component to suppress this message.[39m[22m
[1m[31m[39m[22m
[1m[31m[7m3[0m     <app-header></app-header>[39m[22m
[1m[31m[7m [0m [91m    ~~~~~~~~~~~~[0m[39m[22m
[1m[31m[39m[22m
[1m[31m  [96msrc/app/app.component.ts[0m:[93m5[0m:[93m16[0m[39m[22m
[1m[31m    [7m5[0m   templateUrl: './app.component.html',[39m[22m
[1m[31m    [7m [0m [96m               ~~~~~~~~~~~~~~~~~~~~~~[0m[39m[22m
[1m[31m    Error occurs in the template of component AppComponent.[39m[22m
[1m[31m[39m[22m
[1m[31m[39m[22m
[1m[31m[0m[91mError: [39m[31m[0m[96msrc/app/app.component.html[0m:[93m7[0m:[93m7[0m - [91merror[0m[90m NG8001: [0m'app-side-nav' is not a known element:[39m[22m
[1m[31m1. If 'app-side-nav' is an Angular component, then verify that it is part of this module.[39m[22m
[1m[31m2. If 'app-side-nav' is a Web Component then add 'CUSTOM_ELEMENTS_SCHEMA' to the '@NgModule.schemas' of this component to suppress this message.[39m[22m
[1m[31m[39m[22m
[1m[31m[7m7[0m       <app-side-nav></app-side-nav>[39m[22m
[1m[31m[7m [0m [91m      ~~~~~~~~~~~~~~[0m[39m[22m
[1m[31m[39m[22m
[1m[31m  [96msrc/app/app.component.ts[0m:[93m5[0m:[93m16[0m[39m[22m
[1m[31m    [7m5[0m   templateUrl: './app.component.html',[39m[22m
[1m[31m    [7m [0m [96m               ~~~~~~~~~~~~~~~~~~~~~~[0m[39m[22m
[1m[31m    Error occurs in the template of component AppComponent.[39m[22m
[1m[31m[39m[22m
[1m[31m[39m[22m
[1m[31m[0m[91mError: [39m[31m[0m[96msrc/app/app.component.html[0m:[93m10[0m:[93m7[0m - [91merror[0m[90m NG8001: [0m'app-main-dash' is not a known element:[39m[22m
[1m[31m1. If 'app-main-dash' is an Angular component, then verify that it is part of this module.[39m[22m
[1m[31m2. If 'app-main-dash' is a Web Component then add 'CUSTOM_ELEMENTS_SCHEMA' to the '@NgM[39m[22m[1m[31module.schemas' of this component to suppress this message.[39m[22m
[1m[31m[39m[22m
[1m[31m[7m10[0m       <app-main-dash> </app-main-dash>[39m[22m
[1m[31m[7m  [0m [91m      ~~~~~~~~~~~~~~~[0m[39m[22m
[1m[31m[39m[22m
[1m[31m  [96msrc/app/app.component.ts[0m:[93m5[0m:[93m16[0m[39m[22m
[1m[31m    [7m5[0m   templateUrl: './app.component.html',[39m[22m
[1m[31m    [7m [0m [96m               ~~~~~~~~~~~~~~~~~~~~~~[0m[39m[22m
[1m[31m    Error occurs in the template of component AppComponent.[39m[22m
[1m[31m[39m[22m
[1m[31m[39m[22m
[1m[31m[0m[91mError: [39m[31m[0m[96msrc/app/app.module.ts[0m:[93m8[0m:[93m10[0m - [91merror[0m[90m TS2305: [0mModule '"./main-dash/main-dash.component"' has no exported member 'MainDashComponent'.[39m[22m
[1m[31m[39m[22m
[1m[31m[7m8[0m import { MainDashComponent } from './main-dash/main-dash.component';[39m[22m
[1m[31m[7m [0m [91m         ~~~~~~~~~~~~~~~~~[0m[39m[22m
[1m[31m[39m[22m
[1m[31m[39m[22m
[1m[31m[0m[91mError: [39m[31m[0m[96msrc/app/app.module.ts[0m:[93m20[0m:[93m17[0m - [91merror[0m[90m NG1010: [0mValue[39m[22m
[1m[31m[39m[22m
[1m[31m[0m[91mError: [39m[31m[0m[96msrc/app/expense-by-date/expense-by-date.component.html[0m:[93m1[0m:[93m30[0m - [91merror[0m[90m NG8002: [0mCan't bind to 'chart' since it isn't a known property of 'div'.[39m[22m
[1m[31m[39m[22m
[1m[31m[7m1[0m <div class="chart-container" [chart]="chart"></div>[39m[22m
[1m[31m[7m [0m [91m                             ~~~~~~~~~~~~~~~[0m[39m[22m
[1m[31m[39m[22m
[1m[31m  [96msrc/app/expense-by-date/expense-by-date.component.ts[0m:[93m6[0m:[93m16[0m[39m[22m
[1m[31m    [7m6[0m   templateUrl: './expense-by-date.component.html',[39m[22m
[1m[31m    [7m [0m [96m               ~~~~~~~~~~~~~~~~~~~~~~~~~~~~~~~~~~[0m[39m[22m
[1m[31m    Error occurs in the template of component ExpenseByDateComponent.[39m[22m
[1m[31m[39m[22m
[1m[31m[39m[22m
[1m[31m[0m[91mError: [39m[31m[0m[96msrc/app/income-by-date/income-by-date.component.html[0m:[93m1[0m:[93m30[0m - [91merror[0m[90m NG8002: [0mCan't bind to 'chart' since it isn't a known property of 'div'.[39m[22m
[1m[31m[39m[22m
[1m[31m[7m1[0m <div class="chart-container" [chart]="chart"></div>[39m[22m
[1m[31m[7m [0m [91m                             ~~~~~~~~~~~~~~~[0m[39m[22m
[1m[31m[39m[22m
[1m[31m  [96msrc/app/income-by-date/income-by-date.component.ts[0m:[93m6[0m:[93m16[0m[39m[22m
[1m[31m    [7m6[0m   templateUrl: './income-by-date.component.html',[39m[22m
[1m[31m    [7m [0m [39m[22m[1m[31m[96m               ~~~~~~~~~~~~~~~~~~~~~~~~~~~~~~~~~[0m[39m[22m
[1m[31m    Error occurs in the template of component IncomeByDateComponent.[39m[22m
[1m[31m[39m[22m
[1m[31m[39m[22m
[1m[31m[0m[91mError: [39m[31m[0m[96msrc/app/leading-expense/leading-expense.component.html[0m:[93m1[0m:[93m30[0m - [91merror[0m[90m NG8002: [0mCan't bind to 'chart' since it isn't a known property of 'div'.[39m[22m
[1m[31m[39m[22m
[1m[31m[7m1[0m <div class="chart-container" [chart]="chart"></div>[39m[22m
[1m[31m[7m [0m [91m                             ~~~~~~~~~~~~~~~[0m[39m[22m
[1m[31m[39m[22m
[1m[31m  [96msrc/app/leading-expense/leading-expense.component.ts[0m:[93m6[0m:[93m16[0m[39m[22m
[1m[31m    [7m6[0m   templateUrl: './leading-expense.component.html',[39m[22m
[1m[31m    [7m [0m [96m               ~~~~~~~~~~~~~~~~~~~~~~~~~~~~~~~~~~[0m[39m[22m
[1m[31m    Error occurs in the template of component LeadingExpenseComponent.[39m[22m
[1m[31m[39m[22m
[1m[31m[39m[22m
[1m[31m[0m[91mError: [39m[31m[0m[96msrc/app/leading-income/leading-income.component.html[0m:[93m1[0m:[93m30[0m - [91merror[0m[90m NG8002: [0mCan't bind to 'chart' since it isn't a known property of 'div'.[39m[22m
[1m[31m[39m[22m
[1m[31m[7m1[0m <div class="chart-container" [chart]="chart"></div>[39m[22m
[1m[31m[7m [0m [91m                             ~~~~~~~~~~~~~~~[0m[39m[22m
[1m[31m[39m[22m
[1m[31m  [96msrc/app/leading-income/leading-income.component.ts[0m:[93m6[0m:[93m16[0m[39m[22m
[1m[31m    [7m6[0m   templateUrl: './leading-income.component.html',[39m[22m
[1m[31m    [7m [0m [96m               ~~~~~~~~~~~~~~~~~~~~~~~~~~~~~~~~~[0m[39m[22m
[1m[31m    Error occurs in the template of component LeadingIncomeComponent.[39m[22m
[1m[31m[39m[22m
[1m[31m[39m[22m
[1m[31m[0m[91mError: [39m[31m[0m[96msrc/app/main-dash/main-dash.component.ts[0m:[93m4[0m:[93m1[0m - [91merror[0m[90m TS1005: [0m'from' expected.[39m[22m
[1m[31m[39m[22m
[1m[31m[7m4[0m @Component({[39m[22m
[1m[31m[7m [0m [91m~[0m[39m[22m
[1m[31m[39m[22m
[1m[31m[39m[22m
[1m[31m[0m[91mError: [39m[31m[0m[96msrc/app/main-dash/main-dash.component.ts[0m:[93m9[0m:[93m14[0m - [91merror[0m[90m TS1141: [0mString literal expected.[39m[22m
[1m[31m[39m[22m
[1m[31m[7m9[0m export class MainDashComponent implements OnInit {[39m[22m
[1m[31m[7m [0m [91m             ~~~~~~~~~~~~~~~~~[0m[39m[22m
[1m[31m[39m[22m
[1m[31m[39m[22m
[1m[31m[0m[91mError: [39m[31m[0m[96msrc/app/remiders/remiders.component.html[0m:[93m10[0m:[93m9[0m - [91merror[[39m[22m[1m[31m0m[90m NG8002: [0mCan't bind to 'ngClass' since it isn't a known property of 'div'.[39m[22m
[1m[31m[39m[22m
[1m[31m[7m10[0m         [ngClass]="{ High: reminder.Priority === 'High',[39m[22m
[1m[31m[7m  [0m [91m        ~~~~~~~~~~~~~~~~~~~~~~~~~~~~~~~~~~~~~~~~~~~~~~~~[0m[39m[22m
[1m[31m[7m11[0m     Intermediate: reminder.Priority === 'Intermediate',[39m[22m
[1m[31m[7m  [0m [91m~~~~~~~~~~~~~~~~~~~~~~~~~~~~~~~~~~~~~~~~~~~~~~~~~~~~~~~[0m[39m[22m
[1m[31m[7m12[0m     Low: reminder.Priority === 'Low',  }"[39m[22m
[1m[31m[7m  [0m [91m~~~~~~~~~~~~~~~~~~~~~~~~~~~~~~~~~~~~~~~~~[0m[39m[22m
[1m[31m[39m[22m
[1m[31m  [96msrc/app/remiders/remiders.component.ts[0m:[93m5[0m:[93m16[0m[39m[22m
[1m[31m    [7m5[0m   templateUrl: './remiders.component.html',[39m[22m
[1m[31m    [7m [0m [96m               ~~~~~~~~~~~~~~~~~~~~~~~~~~~[0m[39m[22m
[1m[31m    Error occurs in the template of component RemidersComponent.[39m[22m
[1m[31m[39m[22m
[1m[31m[39m[22m
[1m[31m[0m[91mError: [39m[31m[0m[96msrc/app/side-nav/side-nav.component.html[0m:[93m3[0m:[93m5[0m - [91merror[0m[90m NG8001: [0m'fa-icon' is not a known element:[39m[22m
[1m[31m1. If 'fa-icon' is an Angular component, then verify that it is part of this module.[39m[22m
[1m[31m2. If 'fa-icon' is a Web Component then add 'CUSTOM_ELEMENTS_SCHEMA' to the '@NgModule.schemas' of this component to suppress this message.[39m[22m
[1m[31m[39m[22m
[1m[31m[7m3[0m     <fa-icon [icon]="faDashboard"></fa-icon>[39m[22m
[1m[31m[7m [0m [91m    ~~~~~~~~~~~~~~~~~~~~~~~~~~~~~~[0m[39m[22m
[1m[31m[39m[22m
[1m[31m  [96msrc/app/side-nav/side-nav.component.ts[0m:[93m14[0m:[93m16[0m[39m[22m
[1m[31m    [7m14[0m   templateUrl: './side-nav.component.html',[39m[22m
[1m[31m    [7m  [0m [96m               ~~~~~~~~~~~~~~~~~~~~~~~~~~~[0m[39m[22m
[1m[31m    Error occurs in the template of component SideNavComponent.[39m[22m
[1m[31m[39m[22m
[1m[31m[39m[22m
[1m[31m[0m[91mError: [39m[31m[0m[96msrc/app/side-nav/side-nav.component.html[0m:[93m3[0m:[93m14[0m - [91merror[0m[90m NG8002: [0mCan't bind to 'icon' since it isn't a known property of 'fa-icon'.[39m[22m
[1m[31m1. If 'fa-icon' is an Angular component and it has 'icon' input, then verify that it is part of this module.[39m[22m
[1m[31m2. If 'fa-icon' is a Web Component then add 'CUSTOM_ELEMENTS_SCHEMA' to the '@NgModule.schemas' of this component to suppress this message.[39m[22m
[1m[31m3. To al[39m[22m[1m[31mlow any property add 'NO_ERRORS_SCHEMA' to the '@NgModule.schemas' of this component.[39m[22m
[1m[31m[39m[22m
[1m[31m[7m3[0m     <fa-icon [icon]="faDashboard"></fa-icon>[39m[22m
[1m[31m[7m [0m [91m             ~~~~~~~~~~~~~~~~~~~~[0m[39m[22m
[1m[31m[39m[22m
[1m[31m  [96msrc/app/side-nav/side-nav.component.ts[0m:[93m14[0m:[93m16[0m[39m[22m
[1m[31m    [7m14[0m   templateUrl: './side-nav.component.html',[39m[22m
[1m[31m    [7m  [0m [96m               ~~~~~~~~~~~~~~~~~~~~~~~~~~~[0m[39m[22m
[1m[31m    Error occurs in the template of component SideNavComponent.[39m[22m
[1m[31m[39m[22m
[1m[31m[39m[22m
[1m[31m[0m[91mError: [39m[31m[0m[96msrc/app/side-nav/side-nav.component.html[0m:[93m7[0m:[93m5[0m - [91merror[0m[90m NG8001: [0m'fa-icon' is not a known element:[39m[22m
[1m[31m1. If 'fa-icon' is an Angular component, then verify that it is part of this module.[39m[22m
[1m[31m2. If 'fa-icon' is a Web Component then add 'CUSTOM_ELEMENTS_SCHEMA' to the '@NgModule.schemas' of this component to suppress this message.[39m[22m
[1m[31m[39m[22m
[1m[31m[7m7[0m     <fa-icon [icon]="faMoneyBillTransfer"></fa-icon>[39m[22m
[1m[31m[7m [0m [91m    ~~~~~~~~~~~~~~~~~~~~~~~~~~~~~~~~~~~~~~[0m[39m[22m
[1m[31m[39m[22m
[1m[31m  [96msrc/app/side-nav/side-nav.component.ts[0m:[93m14[0m:[93m16[0m[39m[22m
[1m[31m    [7m14[0m   templateUrl: './side-nav.component.html',[39m[22m
[1m[31m    [7m  [0m [96m               ~~~~~~~~~~~~~~~~~~~~~~~~~~~[0m[39m[22m
[1m[31m    Error occurs in the template of component SideNavComponent.[39m[22m
[1m[31m[39m[22m
[1m[31m[39m[22m
[1m[31m[0m[91mError: [39m[31m[0m[96msrc/app/side-nav/side-nav.component.html[0m:[93m7[0m:[93m14[0m - [91merror[0m[90m NG8002: [0mCan't bind to 'icon' since it isn't a known property of 'fa-icon'.[39m[22m
[1m[31m1. If 'fa-icon' is an Angular component and it has 'icon' input, then verify that it is part of this module.[39m[22m
[1m[31m2. If 'fa-icon' is a Web Component then add 'CUSTOM_ELEMENTS_SCHEMA' to the '@NgModule.schemas' of this component to suppress this message.[39m[22m
[1m[31m3. To allow any property add 'NO_ERRORS_SCHEMA' to the '@NgModule.schemas' of this component.[39m[22m
[1m[31m[39m[22m
[1m[31m[7m7[0m     <fa-icon [icon]="faMoneyBillTransfer"></fa-icon>[39m[22m
[1m[31m[7m [0m [91m             ~~~~~~~~~~~~~~~~~~~~~~~~~~~~[0m[39m[22m
[1m[31m[39m[22m
[1m[31m  [96msrc/app/side-nav/side-nav.component.ts[0m:[93m14[0m:[[39m[22m[1m[31m93m16[0m[39m[22m
[1m[31m    [7m14[0m   templateUrl: './side-nav.component.html',[39m[22m
[1m[31m    [7m  [0m [96m               ~~~~~~~~~~~~~~~~~~~~~~~~~~~[0m[39m[22m
[1m[31m    Error occurs in the template of component SideNavComponent.[39m[22m
[1m[31m[39m[22m
[1m[31m[39m[22m
[1m[31m[0m[91mError: [39m[31m[0m[96msrc/app/side-nav/side-nav.component.html[0m:[93m11[0m:[93m5[0m - [91merror[0m[90m NG8001: [0m'fa-icon' is not a known element:[39m[22m
[1m[31m1. If 'fa-icon' is an Angular component, then verify that it is part of this module.[39m[22m
[1m[31m2. If 'fa-icon' is a Web Component then add 'CUSTOM_ELEMENTS_SCHEMA' to the '@NgModule.schemas' of this component to suppress this message.[39m[22m
[1m[31m[39m[22m
[1m[31m[7m11[0m     <fa-icon [icon]="faSackXmark"></fa-icon>[39m[22m
[1m[31m[7m  [0m [91m    ~~~~~~~~~~~~~~~~~~~~~~~~~~~~~~[0m[39m[22m
[1m[31m[39m[22m
[1m[31m  [96msrc/app/side-nav/side-nav.component.ts[0m:[93m14[0m:[93m16[0m[39m[22m
[1m[31m    [7m14[0m   templateUrl: './side-nav.component.html',[39m[22m
[1m[31m    [7m  [0m [96m               ~~~~~~~~~~~~~~~~~~~~~~~~~~~[0m[39m[22m
[1m[31m    Error occurs in the template of component SideNavComponent.[39m[22m
[1m[31m[39m[22m
[1m[31m[39m[22m
[1m[31m[0m[91mError: [39m[31m[0m[96msrc/app/side-nav/side-nav.component.html[0m:[93m11[0m:[93m14[0m - [91merror[0m[90m NG8002: [0mCan't bind to 'icon' since it isn't a known property of 'fa-icon'.[39m[22m
[1m[31m1. If 'fa-icon' is an Angular component and it has 'icon' input, then verify that it is part of this module.[39m[22m
[1m[31m2. If 'fa-icon' is a Web Component then add 'CUSTOM_ELEMENTS_SCHEMA' to the '@NgModule.schemas' of this component to suppress this message.[39m[22m
[1m[31m3. To allow any property add 'NO_ERRORS_SCHEMA' to the '@NgModule.schemas' of this component.[39m[22m
[1m[31m[39m[22m
[1m[31m[7m11[0m     <fa-icon [icon]="faSackXmark"></fa-icon>[39m[22m
[1m[31m[7m  [0m [91m             ~~~~~~~~~~~~~~~~~~~~[0m[39m[22m
[1m[31m[39m[22m
[1m[31m  [96msrc/app/side-nav/side-nav.component.ts[0m:[93m14[0m:[93m16[0m[39m[22m
[1m[31m    [7m14[0m   templateUrl: './side-nav.component.html',[39m[22m
[1m[31m    [7m  [0m [96m               ~~~~~~~~~~~~~~~~~~~~~~~~~~~[0m[39m[22m
[1m[31m    Error occurs in the template of component SideNavComponent.[39m[22m
[1m[31m[39m[22m
[1m[31m[39m[22m
[1m[31m[0m[91mError: [39m[31m[0m[96msrc/app/side-nav/side-nav.component.html[0m:[93m15[0[39m[22m[1m[31mm:[93m5[0m - [91merror[0m[90m NG8001: [0m'fa-icon' is not a known element:[39m[22m
[1m[31m1. If 'fa-icon' is an Angular component, then verify that it is part of this module.[39m[22m
[1m[31m2. If 'fa-icon' is a Web Component then add 'CUSTOM_ELEMENTS_SCHEMA' to the '@NgModule.schemas' of this component to suppress this message.[39m[22m
[1m[31m[39m[22m
[1m[31m[7m15[0m     <fa-icon [icon]="faMoneyBillTrendUp"></fa-icon>[39m[22m
[1m[31m[7m  [0m [91m    ~~~~~~~~~~~~~~~~~~~~~~~~~~~~~~~~~~~~~[0m[39m[22m
[1m[31m[39m[22m
[1m[31m  [96msrc/app/side-nav/side-nav.component.ts[0m:[93m14[0m:[93m16[0m[39m[22m
[1m[31m    [7m14[0m   templateUrl: './side-nav.component.html',[39m[22m
[1m[31m    [7m  [0m [96m               ~~~~~~~~~~~~~~~~~~~~~~~~~~~[0m[39m[22m
[1m[31m    Error occurs in the template of component SideNavComponent.[39m[22m
[1m[31m[39m[22m
[1m[31m[39m[22m
[1m[31m[0m[91mError: [39m[31m[0m[96msrc/app/side-nav/side-nav.component.html[0m:[93m15[0m:[93m14[0m - [91merror[0m[90m NG8002: [0mCan't bind to 'icon' since it isn't a known property of 'fa-icon'.[39m[22m
[1m[31m1. If 'fa-icon' is an Angular component and it has 'icon' input, then verify that it is part of this module.[39m[22m
[1m[31m2. If 'fa-icon' is a Web Component then add 'CUSTOM_ELEMENTS_SCHEMA' to the '@NgModule.schemas' of this component to suppress this message.[39m[22m
[1m[31m3. To allow any property add 'NO_ERRORS_SCHEMA' to the '@NgModule.schemas' of this component.[39m[22m
[1m[31m[39m[22m
[1m[31m[7m15[0m     <fa-icon [icon]="faMoneyBillTrendUp"></fa-icon>[39m[22m
[1m[31m[7m  [0m [91m             ~~~~~~~~~~~~~~~~~~~~~~~~~~~[0m[39m[22m
[1m[31m[39m[22m
[1m[31m  [96msrc/app/side-nav/side-nav.component.ts[0m:[93m14[0m:[93m16[0m[39m[22m
[1m[31m    [7m14[0m   templateUrl: './side-nav.component.html',[39m[22m
[1m[31m    [7m  [0m [96m               ~~~~~~~~~~~~~~~~~~~~~~~~~~~[0m[39m[22m
[1m[31m    Error occurs in the template of component SideNavComponent.[39m[22m
[1m[31m[39m[22m
[1m[31m[39m[22m
[1m[31m[0m[91mError: [39m[31m[0m[96msrc/app/side-nav/side-nav.component.html[0m:[93m19[0m:[93m5[0m - [91merror[0m[90m NG8001: [0m'fa-icon' is not a known element:[39m[22m
[1m[31m1. If 'fa-icon' is an Angular component, then verify that it is part of this module.[39m[22m
[1m[31m2. If 'fa-icon' is a Web Component then add 'CUSTOM_ELEMENTS_SCHEMA' to the '@NgModule.schemas' o[39m[22m[1m[31mf this component to suppress this message.[39m[22m
[1m[31m[39m[22m
[1m[31m[7m19[0m     <fa-icon [icon]="faBell"></fa-icon>[39m[22m
[1m[31m[7m  [0m [91m    ~~~~~~~~~~~~~~~~~~~~~~~~~[0m[39m[22m
[1m[31m[39m[22m
[1m[31m  [96msrc/app/side-nav/side-nav.component.ts[0m:[93m14[0m:[93m16[0m[39m[22m
[1m[31m    [7m14[0m   templateUrl: './side-nav.component.html',[39m[22m
[1m[31m    [7m  [0m [96m               ~~~~~~~~~~~~~~~~~~~~~~~~~~~[0m[39m[22m
[1m[31m    Error occurs in the template of component SideNavComponent.[39m[22m
[1m[31m[39m[22m
[1m[31m[39m[22m
[1m[31m[0m[91mError: [39m[31m[0m[96msrc/app/side-nav/side-nav.component.html[0m:[93m19[0m:[93m14[0m - [91merror[0m[90m NG8002: [0mCan't bind to 'icon' since it isn't a known property of 'fa-icon'.[39m[22m
[1m[31m1. If 'fa-icon' is an Angular component and it has 'icon' input, then verify that it is part of this module.[39m[22m
[1m[31m2. If 'fa-icon' is a Web Component then add 'CUSTOM_ELEMENTS_SCHEMA' to the '@NgModule.schemas' of this component to suppress this message.[39m[22m
[1m[31m3. To allow any property add 'NO_ERRORS_SCHEMA' to the '@NgModule.schemas' of this component.[39m[22m
[1m[31m[39m[22m
[1m[31m[7m19[0m     <fa-icon [icon]="faBell"></fa-icon>[39m[22m
[1m[31m[7m  [0m [91m             ~~~~~~~~~~~~~~~[0m[39m[22m
[1m[31m[39m[22m
[1m[31m  [96msrc/app/side-nav/side-nav.component.ts[0m:[93m14[0m:[93m16[0m[39m[22m
[1m[31m    [7m14[0m   templateUrl: './side-nav.component.html',[39m[22m
[1m[31m    [7m  [0m [96m               ~~~~~~~~~~~~~~~~~~~~~~~~~~~[0m[39m[22m
[1m[31m    Error occurs in the template of component SideNavComponent.[39m[22m
[1m[31m[39m[22m
[1m[31m[39m[22m
[1m[31m[0m[91mError: [39m[31m[0m[96msrc/app/side-nav/side-nav.component.html[0m:[93m23[0m:[93m5[0m - [91merror[0m[90m NG8001: [0m'fa-icon' is not a known element:[39m[22m
[1m[31m1. If 'fa-icon' is an Angular component, then verify that it is part of this module.[39m[22m
[1m[31m2. If 'fa-icon' is a Web Component then add 'CUSTOM_ELEMENTS_SCHEMA' to the '@NgModule.schemas' of this component to suppress this message.[39m[22m
[1m[31m[39m[22m
[1m[31m[7m23[0m     <fa-icon [icon]="faCog"></fa-icon>[39m[22m
[1m[31m[7m  [0m [91m    ~~~~~~~~~~~~~~~~~~~~~~~~[0m[39m[22m
[1m[31m[39m[22m
[1m[31m  [96msrc/app/side-nav/side-nav.component.ts[0m:[93m14[0m:[93m16[0m[39m[22m
[1m[31m    [7m14[0m   templateUrl: './side-nav.component.html',[39m[22m
[1m[31m    [7m  [0m [96m       [39m[22m[1m[31m        ~~~~~~~~~~~~~~~~~~~~~~~~~~~[0m[39m[22m
[1m[31m    Error occurs in the template of component SideNavComponent.[39m[22m
[1m[31m[39m[22m
[1m[31m[39m[22m
[1m[31m[0m[91mError: [39m[31m[0m[96msrc/app/side-nav/side-nav.component.html[0m:[93m23[0m:[93m14[0m - [91merror[0m[90m NG8002: [0mCan't bind to 'icon' since it isn't a known property of 'fa-icon'.[39m[22m
[1m[31m1. If 'fa-icon' is an Angular component and it has 'icon' input, then verify that it is part of this module.[39m[22m
[1m[31m2. If 'fa-icon' is a Web Component then add 'CUSTOM_ELEMENTS_SCHEMA' to the '@NgModule.schemas' of this component to suppress this message.[39m[22m
[1m[31m3. To allow any property add 'NO_ERRORS_SCHEMA' to the '@NgModule.schemas' of this component.[39m[22m
[1m[31m[39m[22m
[1m[31m[7m23[0m     <fa-icon [icon]="faCog"></fa-icon>[39m[22m
[1m[31m[7m  [0m [91m             ~~~~~~~~~~~~~~[0m[39m[22m
[1m[31m[39m[22m
[1m[31m  [96msrc/app/side-nav/side-nav.component.ts[0m:[93m14[0m:[93m16[0m[39m[22m
[1m[31m    [7m14[0m   templateUrl: './side-nav.component.html',[39m[22m
[1m[31m    [7m  [0m [96m               ~~~~~~~~~~~~~~~~~~~~~~~~~~~[0m[39m[22m
[1m[31m    Error occurs in the template of component SideNavComponent.[39m[22m
[1m[31m[39m[22m
[1m[31m[39m[22m
[1m[31m[0m[91mError: [39m[31m[0m[96msrc/app/top-widgets/top-widgets.component.html[0m:[93m4[0m:[93m7[0m - [91merror[0m[90m NG8001: [0m'fa-icon' is not a known element:[39m[22m
[1m[31m1. If 'fa-icon' is an Angular component, then verify that it is part of this module.[39m[22m
[1m[31m2. If 'fa-icon' is a Web Component then add 'CUSTOM_ELEMENTS_SCHEMA' to the '@NgModule.schemas' of this component to suppress this message.[39m[22m
[1m[31m[39m[22m
[1m[31m[7m4[0m       <fa-icon [icon]="faMoneyBillTransfer"></fa-icon>[39m[22m
[1m[31m[7m [0m [91m      ~~~~~~~~~~~~~~~~~~~~~~~~~~~~~~~~~~~~~~[0m[39m[22m
[1m[31m[39m[22m
[1m[31m  [96msrc/app/top-widgets/top-widgets.component.ts[0m:[93m12[0m:[93m16[0m[39m[22m
[1m[31m    [7m12[0m   templateUrl: './top-widgets.component.html',[39m[22m
[1m[31m    [7m  [0m [96m               ~~~~~~~~~~~~~~~~~~~~~~~~~~~~~~[0m[39m[22m
[1m[31m    Error occurs in the template of component TopWidgetsComponent.[39m[22m
[1m[31m[39m[22m
[1m[31m[39m[22m
[1m[31m[0m[91mError: [39m[31m[0m[96msrc/app/top-widgets/top-widgets.component.html[0m:[93m4[0m:[93m16[0m - [91merror[0m[90m NG8002: [0mCan't bind to 'icon[39m[22m[1m[31m' since it isn't a known property of 'fa-icon'.[39m[22m
[1m[31m1. If 'fa-icon' is an Angular component and it has 'icon' input, then verify that it is part of this module.[39m[22m
[1m[31m2. If 'fa-icon' is a Web Component then add 'CUSTOM_ELEMENTS_SCHEMA' to the '@NgModule.schemas' of this component to suppress this message.[39m[22m
[1m[31m3. To allow any property add 'NO_ERRORS_SCHEMA' to the '@NgModule.schemas' of this component.[39m[22m
[1m[31m[39m[22m
[1m[31m[7m4[0m       <fa-icon [icon]="faMoneyBillTransfer"></fa-icon>[39m[22m
[1m[31m[7m [0m [91m               ~~~~~~~~~~~~~~~~~~~~~~~~~~~~[0m[39m[22m
[1m[31m[39m[22m
[1m[31m  [96msrc/app/top-widgets/top-widgets.component.ts[0m:[93m12[0m:[93m16[0m[39m[22m
[1m[31m    [7m12[0m   templateUrl: './top-widgets.component.html',[39m[22m
[1m[31m    [7m  [0m [96m               ~~~~~~~~~~~~~~~~~~~~~~~~~~~~~~[0m[39m[22m
[1m[31m    Error occurs in the template of component TopWidgetsComponent.[39m[22m
[1m[31m[39m[22m
[1m[31m[39m[22m
[1m[31m[0m[91mError: [39m[31m[0m[96msrc/app/top-widgets/top-widgets.component.html[0m:[93m13[0m:[93m7[0m - [91merror[0m[90m NG8001: [0m'fa-icon' is not a known element:[39m[22m
[1m[31m1. If 'fa-icon' is an Angular component, then verify that it is part of this module.[39m[22m
[1m[31m2. If 'fa-icon' is a Web Component then add 'CUSTOM_ELEMENTS_SCHEMA' to the '@NgModule.schemas' of this component to suppress this message.[39m[22m
[1m[31m[39m[22m
[1m[31m[7m13[0m       <fa-icon [icon]="faSackXmark"></fa-icon>[39m[22m
[1m[31m[7m  [0m [91m      ~~~~~~~~~~~~~~~~~~~~~~~~~~~~~~[0m[39m[22m
[1m[31m[39m[22m
[1m[31m  [96msrc/app/top-widgets/top-widgets.component.ts[0m:[93m12[0m:[93m16[0m[39m[22m
[1m[31m    [7m12[0m   templateUrl: './top-widgets.component.html',[39m[22m
[1m[31m    [7m  [0m [96m               ~~~~~~~~~~~~~~~~~~~~~~~~~~~~~~[0m[39m[22m
[1m[31m    Error occurs in the template of component TopWidgetsComponent.[39m[22m
[1m[31m[39m[22m
[1m[31m[39m[22m
[1m[31m[0m[91mError: [39m[31m[0m[96msrc/app/top-widgets/top-widgets.component.html[0m:[93m13[0m:[93m16[0m - [91merror[0m[90m NG8002: [0mCan't bind to 'icon' since it isn't a known property of 'fa-icon'.[39m[22m
[1m[31m1. If 'fa-icon' is an Angular component and it has 'icon' input, then verify that it is part of this module.[39m[22m
[1m[31m2. If 'fa-icon' is a Web Component then add 'CUSTOM_ELEMENTS_SCHEMA' t[39m[22m[1m[31mo the '@NgModule.schemas' of this component to suppress this message.[39m[22m
[1m[31m3. To allow any property add 'NO_ERRORS_SCHEMA' to the '@NgModule.schemas' of this component.[39m[22m
[1m[31m[39m[22m
[1m[31m[7m13[0m       <fa-icon [icon]="faSackXmark"></fa-icon>[39m[22m
[1m[31m[7m  [0m [91m               ~~~~~~~~~~~~~~~~~~~~[0m[39m[22m
[1m[31m[39m[22m
[1m[31m  [96msrc/app/top-widgets/top-widgets.component.ts[0m:[93m12[0m:[93m16[0m[39m[22m
[1m[31m    [7m12[0m   templateUrl: './top-widgets.component.html',[39m[22m
[1m[31m    [7m  [0m [96m               ~~~~~~~~~~~~~~~~~~~~~~~~~~~~~~[0m[39m[22m
[1m[31m    Error occurs in the template of component TopWidgetsComponent.[39m[22m
[1m[31m[39m[22m
[1m[31m[39m[22m
[1m[31m[0m[91mError: [39m[31m[0m[96msrc/app/top-widgets/top-widgets.component.html[0m:[93m23[0m:[93m7[0m - [91merror[0m[90m NG8001: [0m'fa-icon' is not a known element:[39m[22m
[1m[31m1. If 'fa-icon' is an Angular component, then verify that it is part of this module.[39m[22m
[1m[31m2. If 'fa-icon' is a Web Component then add 'CUSTOM_ELEMENTS_SCHEMA' to the '@NgModule.schemas' of this component to suppress this message.[39m[22m
[1m[31m[39m[22m
[1m[31m[7m23[0m       <fa-icon [icon]="faMoneyBillTrendUp"></fa-icon>[39m[22m
[1m[31m[7m  [0m [91m      ~~~~~~~~~~~~~~~~~~~~~~~~~~~~~~~~~~~~~[0m[39m[22m
[1m[31m[39m[22m
[1m[31m  [96msrc/app/top-widgets/top-widgets.component.ts[0m:[93m12[0m:[93m16[0m[39m[22m
[1m[31m    [7m12[0m   templateUrl: './top-widgets.component.html',[39m[22m
[1m[31m    [7m  [0m [96m               ~~~~~~~~~~~~~~~~~~~~~~~~~~~~~~[0m[39m[22m
[1m[31m    Error occurs in the template of component TopWidgetsComponent.[39m[22m
[1m[31m[39m[22m
[1m[31m[39m[22m
[1m[31m[0m[91mError: [39m[31m[0m[96msrc/app/top-widgets/top-widgets.component.html[0m:[93m23[0m:[93m16[0m - [91merror[0m[90m NG8002: [0mCan't bind to 'icon' since it isn't a known property of 'fa-icon'.[39m[22m
[1m[31m1. If 'fa-icon' is an Angular component and it has 'icon' input, then verify that it is part of this module.[39m[22m
[1m[31m2. If 'fa-icon' is a Web Component then add 'CUSTOM_ELEMENTS_SCHEMA' to the '@NgModule.schemas' of this component to suppress this message.[39m[22m
[1m[31m3. To allow any property add 'NO_ERRORS_SCHEMA' to the '@NgModule.schemas' of this component.[39m[22m
[1m[31m[39m[22m
[1m[31m[7m23[0m       <fa-icon [icon]="faMoneyBillTrendUp"></fa-i[39m[22m[1m[31mcon>[39m[22m
[1m[31m[7m  [0m [91m               ~~~~~~~~~~~~~~~~~~~~~~~~~~~[0m[39m[22m
[1m[31m[39m[22m
[1m[31m  [96msrc/app/top-widgets/top-widgets.component.ts[0m:[93m12[0m:[93m16[0m[39m[22m
[1m[31m    [7m12[0m   templateUrl: './top-widgets.component.html',[39m[22m
[1m[31m    [7m  [0m [96m               ~~~~~~~~~~~~~~~~~~~~~~~~~~~~~~[0m[39m[22m
[1m[31m    Error occurs in the template of component TopWidgetsComponent.[39m[22m
[1m[31m[39m[22m
[1m[31m[39m[22m
[1m[31m[0m[91mError: [39m[31m[0m[96msrc/app/top-widgets/top-widgets.component.html[0m:[93m32[0m:[93m7[0m - [91merror[0m[90m NG8001: [0m'fa-icon' is not a known element:[39m[22m
[1m[31m1. If 'fa-icon' is an Angular component, then verify that it is part of this module.[39m[22m
[1m[31m2. If 'fa-icon' is a Web Component then add 'CUSTOM_ELEMENTS_SCHEMA' to the '@NgModule.schemas' of this component to suppress this message.[39m[22m
[1m[31m[39m[22m
[1m[31m[7m32[0m       <fa-icon [icon]="faBell"></fa-icon>[39m[22m
[1m[31m[7m  [0m [91m      ~~~~~~~~~~~~~~~~~~~~~~~~~[0m[39m[22m
[1m[31m[39m[22m
[1m[31m  [96msrc/app/top-widgets/top-widgets.component.ts[0m:[93m12[0m:[93m16[0m[39m[22m
[1m[31m    [7m12[0m   templateUrl: './top-widgets.component.html',[39m[22m
[1m[31m    [7m  [0m [96m               ~~~~~~~~~~~~~~~~~~~~~~~~~~~~~~[0m[39m[22m
[1m[31m    Error occurs in the template of component TopWidgetsComponent.[39m[22m
[1m[31m[39m[22m
[1m[31m[39m[22m
[1m[31m[0m[91mError: [39m[31m[0m[96msrc/app/top-widgets/top-widgets.component.html[0m:[93m32[0m:[93m16[0m - [91merror[0m[90m NG8002: [0mCan't bind to 'icon' since it isn't a known property of 'fa-icon'.[39m[22m
[1m[31m1. If 'fa-icon' is an Angular component and it has 'icon' input, then verify that it is part of this module.[39m[22m
[1m[31m2. If 'fa-icon' is a Web Component then add 'CUSTOM_ELEMENTS_SCHEMA' to the '@NgModule.schemas' of this component to suppress this message.[39m[22m
[1m[31m3. To allow any property add 'NO_ERRORS_SCHEMA' to the '@NgModule.schemas' of this component.[39m[22m
[1m[31m[39m[22m
[1m[31m[7m32[0m       <fa-icon [icon]="faBell"></fa-icon>[39m[22m
[1m[31m[7m  [0m [91m               ~~~~~~~~~~~~~~~[0m[39m[22m
[1m[31m[39m[22m
[1m[31m  [96msrc/app/top-widgets/top-widgets.component.ts[0m:[93m12[0m:[93m16[0m[39m[22m
[1m[31m    [7m12[0m   templateUrl: './top-widgets.component.html',[39m[22m
[1m[31m    [7m  [0m [96m               ~~~~~~~~~~[39m[22m[1m[31m~~~~~~~~~~~~~~~~~~~~[0m[39m[22m
[1m[31m    Error occurs in the template of component TopWidgetsComponent.[39m[22m
[1m[31m[39m[22m
[1m[31m[39m[22m
[1m[31m[39m[22m
[37m[39m
[37m[91m√ó[39m[37m Failed to compile.[39m
[36m‚†ã[39m Generating browser application bundles...[2K[1G[36m‚†ô[39m Generating browser application bundles (phase: building)...[2K[1G[36m‚†π[39m Generating browser application bundles (phase: building)...[2K[1G[36m‚†∏[39m Generating browser application bundles (phase: building)...[2K[1G[36m‚†º[39m Generating browser application bundles (phase: sealing)...[2K[1G[36m‚†¥[39m Generating browser application bundles (phase: sealing)...[2K[1G[36m‚†¶[39m Generating browser application bundles (phase: emitting)...[2K[1G[32m‚úî[39m Browser application bundle generation complete.
[37m[39m
[37m[0m[1mInitial Chunk Files[22m[2m | [22m[1mNames[22m  [2m | [22m[1mRaw Size[22m[0m[39m
[37m[0m[92mmain.js[39m[37m            [2m | [22mmain   [2m | [22m[96m80.92 kB[39m[37m[2m | [22m[0m[39m
[37m[0m[92mruntime.js[39m[37m         [2m | [22mruntime[2m | [22m [96m8.01 kB[39m[37m[2m | [22m[0m[39m
[37m[0m[0m[39m
[37m[0m3 unchanged chunks[0m[39m
[37m[0m[0m[39m
[37m[0mBuild at: [1m[37m2023-11-29T08:39:07.673Z[39m[37m[22m - Hash: [1m[37m39cc058d8668edba[39m[37m[22m - Time: [1m[37m1983[39m[37m[22mms[0m[39m
[37m[39m
[37m[92m‚àö[39m[37m Compiled successfully.[39m
[36m‚†ã[39m Generating browser application bundles...[2K[1G[36m‚†ô[39m Generating browser application bundles (phase: building)...[2K[1G[36m‚†π[39m Generating browser application bundles (phase: building)...[2K[1G[36m‚†∏[39m Generating browser application bundles (phase: building)...[2K[1G[36m‚†º[39m Generating browser application bundles (phase: building)...[2K[1G[36m‚†¥[39m Generating browser application bundles (phase: sealing)...[2K[1G[36m‚†¶[39m Generating browser application bundles (phase: emitting)...[2K[1G[32m‚úî[39m Browser application bundle generation complete.
[37m[39m
[37m[0m[1mInitial Chunk Files[22m[2m | [22m[1mNames[22m  [2m | [22m[1mRaw Size[22m[0m[39m
[37m[0m[92mmain.js[39m[37m            [2m | [22mmain   [2m | [22m[96m80.92 kB[39m[37m[2m | [22m[0m[39m
[37m[0m[92mruntime.js[39m[37m         [2m | [22mruntime[2m | [22m [96m8.01 kB[39m[37m[2m | [22m[0m[39m
[37m[0m[0m[39m
[37m[0m3 unchanged chunks[0m[39m
[37m[0m[0m[39m
[37m[0mBuild at: [1m[37m2023-11-29T08:39:48.564Z[39m[37m[22m - Hash: [1m[37m32dde540441ede2c[39m[37m[22m - Time: [1m[37m1423[39m[37m[22mms[0m[39m
[37m[39m
[37m[92m‚àö[39m[37m Compiled successfully.[39m
[36m‚†ã[39m Generating browser application bundles...[2K[1G[36m‚†ô[39m Generating browser application bundles (phase: building)...[2K[1G[36m‚†π[39m Generating browser application bundles (phase: building)...[2K[1G[36m‚†∏[39m Generating browser application bundles (phase: building)...[2K[1G[36m‚†º[39m Generating browser application bundles (phase: building)...[2K[1G[36m‚†¥[39m Generating browser application bundles (phase: building)...[2K[1G[36m‚†¶[39m Generating browser application bundles (phase: building)...[2K[1G[36m‚†ß[39m Generating browser application bundles (phase: building)...[2K[1G[36m‚†á[39m Generating browser application bundles (phase: emitting)...[2K[1G[32m‚úî[39m Browser application bundle generation complete.
[37m[39m
[37m[0m[1mInitial Chunk Files[22m[2m | [22m[1mNames[22m  [2m | [22m[1mRaw Size[22m[0m[39m
[37m[0m[92mmain.js[39m[37m            [2m | [22mmain   [2m | [22m[96m80.92 kB[39m[37m[2m | [22m[0m[39m
[37m[0m[92mruntime.js[39m[37m         [2m | [22mruntime[2m | [22m [96m8.01 kB[39m[37m[2m | [22m[0m[39m
[37m[0m[0m[39m
[37m[0m3 unchanged chunks[0m[39m
[37m[0m[0m[39m
[37m[0mBuild at: [1m[37m2023-11-29T08:40:47.211Z[39m[37m[22m - Hash: [1m[37md735211ce449ea20[39m[37m[22m - Time: [1m[37m1393[39m[37m[22mms[0m[39m
[37m[39m
[37m[92m‚àö[39m[37m Compiled successfully.[39m
[36m‚†ã[39m Generating browser application bundles...[2K[1G[36m‚†ô[39m Generating browser application bundles (phase: building)...[2K[1G[36m‚†π[39m Generating browser application bundles (phase: building)...[2K[1G[36m‚†∏[39m Generating browser application bundles (phase: building)...[2K[1G[32m‚úî[39m Browser application bundle generation complete.
[37m[39m
[37m[0m[1mInitial Chunk Files[22m[2m | [22m[1mNames[22m  [2m | [22m[1mRaw Size[22m[0m[39m
[37m[0m[92mmain.js[39m[37m            [2m | [22mmain   [2m | [22m[96m80.92 kB[39m[37m[2m | [22m[0m[39m
[37m[0m[92mruntime.js[39m[37m         [2m | [22mruntime[2m | [22m [96m8.01 kB[39m[37m[2m | [22m[0m[39m
[37m[0m[0m[39m
[37m[0m3 unchanged chunks[0m[39m
[37m[0m[0m[39m
[37m[0mBuild at: [1m[37m2023-11-29T08:49:01.658Z[39m[37m[22m - Hash: [1m[37m72a55cf9b6861772[39m[37m[22m - Time: [1m[37m611[39m[37m[22mms[0m[39m
[1m[31m[39m[22m
[1m[31m[0m[91mError: [39m[31m[0m[96msrc/app/main-dash/main-dash.component.ts[0m:[93m2[0m:[93m10[0m - [91merror[0m[90m TS2303: [0mCircular definition of import alias 'MainDash'.[39m[22m
[1m[31m[39m[22m
[1m[31m[7m2[0m import { MainDash } from '../main-dash/main-dash.component';[39m[22m
[1m[31m[7m [0m [91m         ~~~~~~~~[0m[39m[22m
[1m[31m[39m[22m
[1m[31m[39m[22m
[1m[31m[0m[91mError: [39m[31m[0m[96msrc/app/main-dash/main-dash.component.ts[0m:[93m2[0m:[93m10[0m - [91merror[0m[90m TS2459: [0mModule '"../main-dash/main-dash.component"' declares 'MainDash' locally, but it is not exported.[39m[22m
[1m[31m[39m[22m
[1m[31m[7m2[0m import { MainDash } from '../main-dash/main-dash.component';[39m[22m
[1m[31m[7m [0m [91m         ~~~~~~~~[0m[39m[22m
[1m[31m[39m[22m
[1m[31m  [96msrc/app/main-dash/main-dash.component.ts[0m:[93m2[0m:[93m10[0m[39m[22m
[1m[31m    [7m2[0m import { MainDash } from '../main-dash/main-dash.component';[39m[22m
[1m[31m    [7m [0m [96m         ~~~~~~~~[0m[39m[22m
[1m[31m    'MainDash' is declared here.[39m[22m
[1m[31m[39m[22m
[1m[31m[39m[22m
[1m[31m[39m[22m
[37m[39m
[37m[91m√ó[39m[37m Failed to compile.[39m
[36m‚†ã[39m Generating browser application bundles...[2K[1G[36m‚†ô[39m Generating browser application bundles (phase: building)...[2K[1G[36m‚†π[39m Generating browser application bundles (phase: building)...[2K[1G[36m‚†∏[39m Generating browser application bundles (phase: emitting)...[2K[1G[32m‚úî[39m Browser application bundle generation complete.
[37m[39m
[37m[0m[1mInitial Chunk Files[22m[2m | [22m[1mNames[22m  [2m | [22m[1mRaw Size[22m[0m[39m
[37m[0m[92mmain.js[39m[37m            [2m | [22mmain   [2m | [22m[96m80.92 kB[39m[37m[2m | [22m[0m[39m
[37m[0m[92mruntime.js[39m[37m         [2m | [22mruntime[2m | [22m [96m8.01 kB[39m[37m[2m | [22m[0m[39m
[37m[0m[0m[39m
[37m[0m3 unchanged chunks[0m[39m
[37m[0m[0m[39m
[37m[0mBuild at: [1m[37m2023-11-29T08:50:20.069Z[39m[37m[22m - Hash: [1m[37m6086047fcf8b4d8f[39m[37m[22m - Time: [1m[37m561[39m[37m[22mms[0m[39m
[37m[39m
[37m[92m‚àö[39m[37m Compiled successfully.[39m
[36m‚†ã[39m Generating browser application bundles...[2K[1G[36m‚†ô[39m Generating browser application bundles (phase: building)...[2K[1G[36m‚†π[39m Generating browser application bundles (phase: building)...[2K[1G[36m‚†∏[39m Generating browser application bundles (phase: sealing)...[2K[1G[36m‚†º[39m Generating browser application bundles (phase: emitting)...[2K[1G[32m‚úî[39m Browser application bundle generation complete.
[37m[39m
[37m[0m[1mInitial Chunk Files[22m[2m | [22m[1mNames[22m  [2m | [22m[1mRaw Size[22m[0m[39m
[37m[0m[92mmain.js[39m[37m            [2m | [22mmain   [2m | [22m[96m80.92 kB[39m[37m[2m | [22m[0m[39m
[37m[0m[92mruntime.js[39m[37m         [2m | [22mruntime[2m | [22m [96m8.01 kB[39m[37m[2m | [22m[0m[39m
[37m[0m[0m[39m
[37m[0m3 unchanged chunks[0m[39m
[37m[0m[0m[39m
[37m[0mBuild at: [1m[37m2023-11-29T08:51:52.325Z[39m[37m[22m - Hash: [1m[37m22b450b439c73e9c[39m[37m[22m - Time: [1m[37m752[39m[37m[22mms[0m[39m
[37m[39m
[37m[92m‚àö[39m[37m Compiled successfully.[39m
[36m‚†ã[39m Generating browser application bundles...[2K[1G[36m‚†ô[39m Generating browser application bundles (phase: building)...[2K[1G[36m‚†π[39m Generating browser application bundles (phase: building)...[2K[1G[36m‚†∏[39m Generating browser application bundles (phase: sealing)...[2K[1G[32m‚úî[39m Browser application bundle generation complete.
[37m[39m
[37m[0m[1mInitial Chunk Files[22m[2m | [22m[1mNames[22m  [2m | [22m[1mRaw Size[22m[0m[39m
[37m[0m[92mmain.js[39m[37m            [2m | [22mmain   [2m | [22m[96m80.92 kB[39m[37m[2m | [22m[0m[39m
[37m[0m[92mruntime.js[39m[37m         [2m | [22mruntime[2m | [22m [96m8.01 kB[39m[37m[2m | [22m[0m[39m
[37m[0m[0m[39m
[37m[0m3 unchanged chunks[0m[39m
[37m[0m[0m[39m
[37m[0mBuild at: [1m[37m2023-11-29T08:52:20.236Z[39m[37m[22m - Hash: [1m[37m2cffeb13516c51c7[39m[37m[22m - Time: [1m[37m486[39m[37m[22mms[0m[39m
[1m[31m[39m[22m
[1m[31m[0m[91mError: [39m[31m[0m[96msrc/app/main-dash/main-dash.component.ts[0m:[93m12[0m:[93m3[0m - [91merror[0m[90m TS7008: [0mMember 'selected' implicitly has an 'any' type.[39m[22m
[1m[31m[39m[22m
[1m[31m[7m12[0m   selected;[39m[22m
[1m[31m[7m  [0m [91m  ~~~~~~~~[0m[39m[22m
[1m[31m[39m[22m
[1m[31m[39m[22m
[1m[31m[39m[22m
[37m[39m
[37m[91m√ó[39m[37m Failed to compile.[39m
[36m‚†ã[39m Generating browser application bundles...[2K[1G[36m‚†ô[39m Generating browser application bundles (phase: building)...[2K[1G[36m‚†π[39m Generating browser application bundles (phase: building)...[2K[1G[36m‚†∏[39m Generating browser application bundles (phase: sealing)...[2K[1G[32m‚úî[39m Browser application bundle generation complete.
[37m[39m
[37m[0m[1mInitial Chunk Files[22m[2m | [22m[1mNames[22m  [2m | [22m[1mRaw Size[22m[0m[39m
[37m[0m[92mmain.js[39m[37m            [2m | [22mmain   [2m | [22m[96m80.97 kB[39m[37m[2m | [22m[0m[39m
[37m[0m[92mruntime.js[39m[37m         [2m | [22mruntime[2m | [22m [96m8.01 kB[39m[37m[2m | [22m[0m[39m
[37m[0m[0m[39m
[37m[0m3 unchanged chunks[0m[39m
[37m[0m[0m[39m
[37m[0mBuild at: [1m[37m2023-11-29T08:52:29.198Z[39m[37m[22m - Hash: [1m[37me122899e04e9bb54[39m[37m[22m - Time: [1m[37m586[39m[37m[22mms[0m[39m
[1m[31m[39m[22m
[1m[31m[0m[91mError: [39m[31m[0m[96msrc/app/main-dash/main-dash.component.ts[0m:[93m11[0m:[93m14[0m - [91merror[0m[90m TS2420: [0mClass 'MainDashComponent' incorrectly implements interface 'OnInit'.[39m[22m
[1m[31m  Property 'ngOnInit' is missing in type 'MainDashComponent' but required in type 'OnInit'.[39m[22m
[1m[31m[39m[22m
[1m[31m[7m11[0m export class MainDashComponent implements OnInit {[39m[22m
[1m[31m[7m  [0m [91m             ~~~~~~~~~~~~~~~~~[0m[39m[22m
[1m[31m[39m[22m
[1m[31m  [96mnode_modules/@angular/core/index.d.ts[0m:[93m6454[0m:[93m5[0m[39m[22m
[1m[31m    [7m6454[0m     ngOnInit(): void;[39m[22m
[1m[31m    [7m    [0m [96m    ~~~~~~~~~~~~~~~~~[0m[39m[22m
[1m[31m    'ngOnInit' is declared here.[39m[22m
[1m[31m[39m[22m
[1m[31m[39m[22m
[1m[31m[0m[91mError: [39m[31m[0m[96msrc/app/main-dash/main-dash.component.ts[0m:[93m13[0m:[93m3[0m - [91merror[0m[90m TS2662: [0mCannot find name 'constructor'. Did you mean the static member 'MainDashComponent.constructor'?[39m[22m
[1m[31m[39m[22m
[1m[31m[7m13[0m   constructor() {}[39m[22m
[1m[31m[7m  [0m [91m  ~~~~~~~~~~~[0m[39m[22m
[1m[31m[39m[22m
[1m[31m[39m[22m
[1m[31m[0m[91mError: [39m[31m[0m[96msrc/app/main-dash/main-dash.component.ts[0m:[93m13[0m:[93m17[0m - [91merror[0m[90m TS1005: [0m';' expected.[39m[22m
[1m[31m[39m[22m
[1m[31m[7m13[0m   constructor() {}[39m[22m
[1m[31m[7m  [0m [91m                ~[0m[39m[22m
[1m[31m[39m[22m
[1m[31m[39m[22m
[1m[31m[0m[91mError: [39m[31m[0m[96msrc/app/main-dash/main-dash.component.ts[0m:[93m15[0m:[93m3[0m - [91merror[0m[90m TS2304: [0mCannot find name 'ngOnInit'.[39m[22m
[1m[31m[39m[22m
[1m[31m[7m15[0m   ngOnInit(): void {}[39m[22m
[1m[31m[7m  [0m [91m  ~~~~~~~~[0m[39m[22m
[1m[31m[39m[22m
[1m[31m[39m[22m
[1m[31m[0m[91mError: [39m[31m[0m[96msrc/app/main-dash/main-dash.component.ts[0m:[93m15[0m:[93m13[0m - [91merror[0m[90m TS1005: [0m';' expected.[39m[22m
[1m[31m[39m[22m
[1m[31m[7m15[0m   ngOnInit(): void {}[39m[22m
[1m[31m[7m  [0m [91m            ~[0m[39m[22m
[1m[31m[39m[22m
[1m[31m[39m[22m
[1m[31m[0m[91mError: [39m[31m[0m[96msrc/app/main-dash/main-dash.component.ts[0m:[93m16[0m:[93m1[0m - [91merror[0m[90m TS1128: [0mDeclaration or statement expected.[39m[22m
[1m[31m[39m[22m
[1m[31m[7m16[0m }[39m[22m
[1m[31m[7m  [0m [91m~[0m[39m[22m
[1m[31m[39m[22m
[1m[31m[39m[22m
[1m[31m[39m[22m
[37m[39m
[37m[91m√ó[39m[37m Failed to compile.[39m
[36m‚†ã[39m Generating browser application bundles...[2K[1G[36m‚†ô[39m Generating browser application bundles (phase: building)...[2K[1G[36m‚†π[39m Generating browser application bundles (phase: building)...[2K[1G[32m‚úî[39m Browser application bundle generation complete.
[37m[39m
[37m[0m[1mInitial Chunk Files[22m[2m | [22m[1mNames[22m  [2m | [22m[1mRaw Size[22m[0m[39m
[37m[0m[92mmain.js[39m[37m            [2m | [22mmain   [2m | [22m[96m80.97 kB[39m[37m[2m | [22m[0m[39m
[37m[0m[92mruntime.js[39m[37m         [2m | [22mruntime[2m | [22m [96m8.01 kB[39m[37m[2m | [22m[0m[39m
[37m[0m[0m[39m
[37m[0m3 unchanged chunks[0m[39m
[37m[0m[0m[39m
[37m[0mBuild at: [1m[37m2023-11-29T08:52:34.320Z[39m[37m[22m - Hash: [1m[37m2b4c238e1919ba39[39m[37m[22m - Time: [1m[37m526[39m[37m[22mms[0m[39m
[1m[31m[39m[22m
[1m[31m[0m[91mError: [39m[31m[0m[96msrc/app/main-dash/main-dash.component.ts[0m:[93m11[0m:[93m14[0m - [91merror[0m[90m TS2420: [0mClass 'MainDashComponent' incorrectly implements interface 'OnInit'.[39m[22m
[1m[31m  Property 'ngOnInit' is missing in type 'MainDashComponent' but required in type 'OnInit'.[39m[22m
[1m[31m[39m[22m
[1m[31m[7m11[0m export class MainDashComponent implements OnInit {[39m[22m
[1m[31m[7m  [0m [91m             ~~~~~~~~~~~~~~~~~[0m[39m[22m
[1m[31m[39m[22m
[1m[31m  [96mnode_modules/@angular/core/index.d.ts[0m:[93m6454[0m:[93m5[0m[39m[22m
[1m[31m    [7m6454[0m     ngOnInit(): void;[39m[22m
[1m[31m    [7m    [0m [96m    ~~~~~~~~~~~~~~~~~[0m[39m[22m
[1m[31m    'ngOnInit' is declared here.[39m[22m
[1m[31m[39m[22m
[1m[31m[39m[22m
[1m[31m[0m[91mError: [39m[31m[0m[96msrc/app/main-dash/main-dash.component.ts[0m:[93m12[0m:[93m22[0m - [91merror[0m[90m TS1110: [0mType expected.[39m[22m
[1m[31m[39m[22m
[1m[31m[7m12[0m   selectedComponent: =[39m[22m
[1m[31m[7m  [0m [91m                     ~[0m[39m[22m
[1m[31m[39m[22m
[1m[31m[39m[22m
[1m[31m[0m[91mError: [39m[31m[0m[96msrc/app/main-dash/main-dash.component.ts[0m:[93m13[0m:[93m3[0m - [91merror[0m[90m TS2662: [0mCannot find name 'constructor'. Did you mean the static member 'MainDashComponent.constructor'?[39m[22m
[1m[31m[39m[22m
[1m[31m[7m13[0m   constructor() {}[39m[22m
[1m[31m[7m  [0m [91m  ~~~~~~~~~~~[0m[39m[22m
[1m[31m[39m[22m
[1m[31m[39m[22m
[1m[31m[0m[91mError: [39m[31m[0m[96msrc/app/main-dash/main-dash.component.ts[0m:[93m13[0m:[93m17[0m - [91merror[0m[90m TS1005: [0m';' expected.[39m[22m
[1m[31m[39m[22m
[1m[31m[7m13[0m   constructor() {}[39m[22m
[1m[31m[7m  [0m [91m                ~[0m[39m[22m
[1m[31m[39m[22m
[1m[31m[39m[22m
[1m[31m[0m[91mError: [39m[31m[0m[96msrc/app/main-dash/main-dash.component.ts[0m:[93m15[0m:[93m3[0m - [91merror[0m[90m TS2304: [0mCannot find name 'ngOnInit'.[39m[22m
[1m[31m[39m[22m
[1m[31m[7m15[0m   ngOnInit(): void {}[39m[22m
[1m[31m[7m  [0m [91m  ~~~~~~~~[0m[39m[22m
[1m[31m[39m[22m
[1m[31m[39m[22m
[1m[31m[0m[91mError: [39m[31m[0m[96msrc/app/main-dash/main-dash.component.ts[0m:[93m15[0m:[93m13[0m - [91merror[0m[90m TS1005: [0m';' expected.[39m[22m
[1m[31m[39m[22m
[1m[31m[7m15[0m   ngOnInit(): void {}[39m[22m
[1m[31m[7m  [0m [91m            ~[0m[39m[22m
[1m[31m[39m[22m
[1m[31m[39m[22m
[1m[31m[0m[91mError: [39m[31m[0m[96msrc/app/main-dash/main-dash.component.ts[0m:[93m16[0m:[93m1[0m - [91merror[0m[90m TS1128: [0mDeclaration or statement expected.[39m[22m
[1m[31m[39m[22m
[1m[31m[7m16[[39m[22m[1m[31m0m }[39m[22m
[1m[31m[7m  [0m [91m~[0m[39m[22m
[1m[31m[39m[22m
[1m[31m[39m[22m
[1m[31m[39m[22m
[37m[39m
[37m[91m√ó[39m[37m Failed to compile.[39m
[36m‚†ã[39m Generating browser application bundles...[2K[1G[36m‚†ô[39m Generating browser application bundles (phase: building)...[2K[1G[36m‚†π[39m Generating browser application bundles (phase: building)...[2K[1G[32m‚úî[39m Browser application bundle generation complete.
[37m[39m
[37m[0m[1mInitial Chunk Files[22m[2m | [22m[1mNames[22m  [2m | [22m[1mRaw Size[22m[0m[39m
[37m[0m[92mmain.js[39m[37m            [2m | [22mmain   [2m | [22m[96m80.98 kB[39m[37m[2m | [22m[0m[39m
[37m[0m[92mruntime.js[39m[37m         [2m | [22mruntime[2m | [22m [96m8.01 kB[39m[37m[2m | [22m[0m[39m
[37m[0m[0m[39m
[37m[0m3 unchanged chunks[0m[39m
[37m[0m[0m[39m
[37m[0mBuild at: [1m[37m2023-11-29T08:52:39.506Z[39m[37m[22m - Hash: [1m[37m46bffcc5c615e22b[39m[37m[22m - Time: [1m[37m412[39m[37m[22mms[0m[39m
[1m[31m[39m[22m
[1m[31m[0m[91mError: [39m[31m[0m[96msrc/app/main-dash/main-dash.component.ts[0m:[93m11[0m:[93m14[0m - [91merror[0m[90m TS2420: [0mClass 'MainDashComponent' incorrectly implements interface 'OnInit'.[39m[22m
[1m[31m  Property 'ngOnInit' is missing in type 'MainDashComponent' but required in type 'OnInit'.[39m[22m
[1m[31m[39m[22m
[1m[31m[7m11[0m export class MainDashComponent implements OnInit {[39m[22m
[1m[31m[7m  [0m [91m             ~~~~~~~~~~~~~~~~~[0m[39m[22m
[1m[31m[39m[22m
[1m[31m  [96mnode_modules/@angular/core/index.d.ts[0m:[93m6454[0m:[93m5[0m[39m[22m
[1m[31m    [7m6454[0m     ngOnInit(): void;[39m[22m
[1m[31m    [7m    [0m [96m    ~~~~~~~~~~~~~~~~~[0m[39m[22m
[1m[31m    'ngOnInit' is declared here.[39m[22m
[1m[31m[39m[22m
[1m[31m[39m[22m
[1m[31m[0m[91mError: [39m[31m[0m[96msrc/app/main-dash/main-dash.component.ts[0m:[93m12[0m:[93m22[0m - [91merror[0m[90m TS1110: [0mType expected.[39m[22m
[1m[31m[39m[22m
[1m[31m[7m12[0m   selectedComponent: =any =[39m[22m
[1m[31m[7m  [0m [91m                     ~[0m[39m[22m
[1m[31m[39m[22m
[1m[31m[39m[22m
[1m[31m[0m[91mError: [39m[31m[0m[96msrc/app/main-dash/main-dash.component.ts[0m:[93m12[0m:[93m23[0m - [91merror[0m[90m TS2693: [0m'any' only refers to a type, but is being used as a value here.[39m[22m
[1m[31m[39m[22m
[1m[31m[7m12[0m   selectedComponent: =any =[39m[22m
[1m[31m[7m  [0m [91m                      ~~~[0m[39m[22m
[1m[31m[39m[22m
[1m[31m[39m[22m
[1m[31m[0m[91mError: [39m[31m[0m[96msrc/app/main-dash/main-dash.component.ts[0m:[93m13[0m:[93m3[0m - [91merror[0m[90m TS2662: [0mCannot find name 'constructor'. Did you mean the static member 'MainDashComponent.constructor'?[39m[22m
[1m[31m[39m[22m
[1m[31m[7m13[0m   constructor() {}[39m[22m
[1m[31m[7m  [0m [91m  ~~~~~~~~~~~[0m[39m[22m
[1m[31m[39m[22m
[1m[31m[39m[22m
[1m[31m[0m[91mError: [39m[31m[0m[96msrc/app/main-dash/main-dash.component.ts[0m:[93m13[0m:[93m17[0m - [91merror[0m[90m TS1005: [0m';' expected.[39m[22m
[1m[31m[39m[22m
[1m[31m[7m13[0m   constructor() {}[39m[22m
[1m[31m[7m  [0m [91m                ~[0m[39m[22m
[1m[31m[39m[22m
[1m[31m[39m[22m
[1m[31m[0m[91mError: [39m[31m[0m[96msrc/app/main-dash/main-dash.component.ts[0m:[93m15[0m:[93m3[0m - [91merror[0m[90m TS2304: [0mCannot find name 'ngOnInit'.[39m[22m
[1m[31m[39m[22m
[1m[31m[7m15[0m   ngOnInit(): void {}[39m[22m
[1m[31m[7m  [0m [91m  ~~~~~~~~[0m[39m[22m
[1m[31m[39m[22m
[1m[31m[39m[22m
[1m[31m[0m[91mError: [39m[31m[0m[96msrc/app/main-dash/main-dash.component.ts[0m:[93m15[0m:[93m13[0m - [91[39m[22m[1m[31mmerror[0m[90m TS1005: [0m';' expected.[39m[22m
[1m[31m[39m[22m
[1m[31m[7m15[0m   ngOnInit(): void {}[39m[22m
[1m[31m[7m  [0m [91m            ~[0m[39m[22m
[1m[31m[39m[22m
[1m[31m[39m[22m
[1m[31m[0m[91mError: [39m[31m[0m[96msrc/app/main-dash/main-dash.component.ts[0m:[93m16[0m:[93m1[0m - [91merror[0m[90m TS1128: [0mDeclaration or statement expected.[39m[22m
[1m[31m[39m[22m
[1m[31m[7m16[0m }[39m[22m
[1m[31m[7m  [0m [91m~[0m[39m[22m
[1m[31m[39m[22m
[1m[31m[39m[22m
[1m[31m[39m[22m
[37m[39m
[37m[91m√ó[39m[37m Failed to compile.[39m
[36m‚†ã[39m Generating browser application bundles...[2K[1G[36m‚†ô[39m Generating browser application bundles (phase: building)...[2K[1G[36m‚†π[39m Generating browser application bundles (phase: building)...[2K[1G[32m‚úî[39m Browser application bundle generation complete.
[37m[39m
[37m[0m[1mInitial Chunk Files[22m[2m | [22m[1mNames[22m  [2m | [22m[1mRaw Size[22m[0m[39m
[37m[0m[92mmain.js[39m[37m            [2m | [22mmain   [2m | [22m[96m80.97 kB[39m[37m[2m | [22m[0m[39m
[37m[0m[92mruntime.js[39m[37m         [2m | [22mruntime[2m | [22m [96m8.01 kB[39m[37m[2m | [22m[0m[39m
[37m[0m[0m[39m
[37m[0m3 unchanged chunks[0m[39m
[37m[0m[0m[39m
[37m[0mBuild at: [1m[37m2023-11-29T08:52:46.159Z[39m[37m[22m - Hash: [1m[37mddb678dc263fdde0[39m[37m[22m - Time: [1m[37m502[39m[37m[22mms[0m[39m
[1m[31m[39m[22m
[1m[31m[0m[91mError: [39m[31m[0m[96msrc/app/main-dash/main-dash.component.ts[0m:[93m11[0m:[93m14[0m - [91merror[0m[90m TS2420: [0mClass 'MainDashComponent' incorrectly implements interface 'OnInit'.[39m[22m
[1m[31m  Property 'ngOnInit' is missing in type 'MainDashComponent' but required in type 'OnInit'.[39m[22m
[1m[31m[39m[22m
[1m[31m[7m11[0m export class MainDashComponent implements OnInit {[39m[22m
[1m[31m[7m  [0m [91m             ~~~~~~~~~~~~~~~~~[0m[39m[22m
[1m[31m[39m[22m
[1m[31m  [96mnode_modules/@angular/core/index.d.ts[0m:[93m6454[0m:[93m5[0m[39m[22m
[1m[31m    [7m6454[0m     ngOnInit(): void;[39m[22m
[1m[31m    [7m    [0m [96m    ~~~~~~~~~~~~~~~~~[0m[39m[22m
[1m[31m    'ngOnInit' is declared here.[39m[22m
[1m[31m[39m[22m
[1m[31m[39m[22m
[1m[31m[0m[91mError: [39m[31m[0m[96msrc/app/main-dash/main-dash.component.ts[0m:[93m13[0m:[93m3[0m - [91merror[0m[90m TS2662: [0mCannot find name 'constructor'. Did you mean the static member 'MainDashComponent.constructor'?[39m[22m
[1m[31m[39m[22m
[1m[31m[7m13[0m   constructor() {}[39m[22m
[1m[31m[7m  [0m [91m  ~~~~~~~~~~~[0m[39m[22m
[1m[31m[39m[22m
[1m[31m[39m[22m
[1m[31m[0m[91mError: [39m[31m[0m[96msrc/app/main-dash/main-dash.component.ts[0m:[93m13[0m:[93m17[0m - [91merror[0m[90m TS1005: [0m';' expected.[39m[22m
[1m[31m[39m[22m
[1m[31m[7m13[0m   constructor() {}[39m[22m
[1m[31m[7m  [0m [91m                ~[0m[39m[22m
[1m[31m[39m[22m
[1m[31m[39m[22m
[1m[31m[0m[91mError: [39m[31m[0m[96msrc/app/main-dash/main-dash.component.ts[0m:[93m15[0m:[93m3[0m - [91merror[0m[90m TS2304: [0mCannot find name 'ngOnInit'.[39m[22m
[1m[31m[39m[22m
[1m[31m[7m15[0m   ngOnInit(): void {}[39m[22m
[1m[31m[7m  [0m [91m  ~~~~~~~~[0m[39m[22m
[1m[31m[39m[22m
[1m[31m[39m[22m
[1m[31m[0m[91mError: [39m[31m[0m[96msrc/app/main-dash/main-dash.component.ts[0m:[93m15[0m:[93m13[0m - [91merror[0m[90m TS1005: [0m';' expected.[39m[22m
[1m[31m[39m[22m
[1m[31m[7m15[0m   ngOnInit(): void {}[39m[22m
[1m[31m[7m  [0m [91m            ~[0m[39m[22m
[1m[31m[39m[22m
[1m[31m[39m[22m
[1m[31m[0m[91mError: [39m[31m[0m[96msrc/app/main-dash/main-dash.component.ts[0m:[93m16[0m:[93m1[0m - [91merror[0m[90m TS1128: [0mDeclaration or statement expected.[39m[22m
[1m[31m[39m[22m
[1m[31m[7m16[0m }[39m[22m
[1m[31m[7m  [0m [91m~[0m[39m[22m
[1m[31m[39m[22m
[1m[31m[39m[22m
[1m[31m[39m[22m
[37m[39m
[37m[91m√ó[39m[37m Failed to compile.[39m
[36m‚†ã[39m Generating browser application bundles...[2K[1G[36m‚†ô[39m Generating browser application bundles (phase: building)...[2K[1G[36m‚†π[39m Generating browser application bundles (phase: building)...[2K[1G[36m‚†∏[39m Generating browser application bundles (phase: emitting)...[2K[1G[32m‚úî[39m Browser application bundle generation complete.
[37m[39m
[37m[0m[1mInitial Chunk Files[22m[2m | [22m[1mNames[22m  [2m | [22m[1mRaw Size[22m[0m[39m
[37m[0m[92mmain.js[39m[37m            [2m | [22mmain   [2m | [22m[96m80.97 kB[39m[37m[2m | [22m[0m[39m
[37m[0m[92mruntime.js[39m[37m         [2m | [22mruntime[2m | [22m [96m8.01 kB[39m[37m[2m | [22m[0m[39m
[37m[0m[0m[39m
[37m[0m3 unchanged chunks[0m[39m
[37m[0m[0m[39m
[37m[0mBuild at: [1m[37m2023-11-29T08:52:53.744Z[39m[37m[22m - Hash: [1m[37mdef1d278653b9e60[39m[37m[22m - Time: [1m[37m655[39m[37m[22mms[0m[39m
[37m[39m
[37m[92m‚àö[39m[37m Compiled successfully.[39m
[36m‚†ã[39m Generating browser application bundles...[2K[1G[36m‚†ô[39m Generating browser application bundles (phase: building)...[2K[1G[36m‚†π[39m Generating browser application bundles (phase: building)...[2K[1G[36m‚†∏[39m Generating browser application bundles (phase: sealing)...[2K[1G[36m‚†º[39m Generating browser application bundles (phase: emitting)...[2K[1G[32m‚úî[39m Browser application bundle generation complete.
[37m[39m
[37m[0m[1mInitial Chunk Files[22m[2m | [22m[1mNames[22m  [2m | [22m[1mRaw Size[22m[0m[39m
[37m[0m[92mmain.js[39m[37m            [2m | [22mmain   [2m | [22m[96m80.97 kB[39m[37m[2m | [22m[0m[39m
[37m[0m[92mruntime.js[39m[37m         [2m | [22mruntime[2m | [22m [96m8.01 kB[39m[37m[2m | [22m[0m[39m
[37m[0m[0m[39m
[37m[0m3 unchanged chunks[0m[39m
[37m[0m[0m[39m
[37m[0mBuild at: [1m[37m2023-11-29T08:53:05.734Z[39m[37m[22m - Hash: [1m[37m2fbccf3f6908d018[39m[37m[22m - Time: [1m[37m629[39m[37m[22mms[0m[39m
[37m[39m
[37m[92m‚àö[39m[37m Compiled successfully.[39m
[36m‚†ã[39m Generating browser application bundles...[2K[1G[36m‚†ô[39m Generating browser application bundles (phase: building)...[2K[1G[36m‚†π[39m Generating browser application bundles (phase: building)...[2K[1G[36m‚†∏[39m Generating browser application bundles (phase: sealing)...[2K[1G[36m‚†º[39m Generating browser application bundles (phase: emitting)...[2K[1G[32m‚úî[39m Browser application bundle generation complete.
[37m[39m
[37m[0m[1mInitial Chunk Files[22m[2m | [22m[1mNames[22m  [2m | [22m[1mRaw Size[22m[0m[39m
[37m[0m[92mmain.js[39m[37m            [2m | [22mmain   [2m | [22m[96m80.97 kB[39m[37m[2m | [22m[0m[39m
[37m[0m[92mruntime.js[39m[37m         [2m | [22mruntime[2m | [22m [96m8.01 kB[39m[37m[2m | [22m[0m[39m
[37m[0m[0m[39m
[37m[0m3 unchanged chunks[0m[39m
[37m[0m[0m[39m
[37m[0mBuild at: [1m[37m2023-11-29T08:53:26.744Z[39m[37m[22m - Hash: [1m[37m1e034f240c28b90f[39m[37m[22m - Time: [1m[37m599[39m[37m[22mms[0m[39m
[37m[39m
[37m[92m‚àö[39m[37m Compiled successfully.[39m
[36m‚†ã[39m Generating browser application bundles...[2K[1G[36m‚†ô[39m Generating browser application bundles (phase: building)...[2K[1G[36m‚†π[39m Generating browser application bundles (phase: building)...[2K[1G[32m‚úî[39m Browser application bundle generation complete.
[37m[39m
[37m[0m[1mInitial Chunk Files[22m[2m | [22m[1mNames[22m  [2m | [22m[1mRaw Size[22m[0m[39m
[37m[0m[92mmain.js[39m[37m            [2m | [22mmain   [2m | [22m[96m81.15 kB[39m[37m[2m | [22m[0m[39m
[37m[0m[92mruntime.js[39m[37m         [2m | [22mruntime[2m | [22m [96m8.01 kB[39m[37m[2m | [22m[0m[39m
[37m[0m[0m[39m
[37m[0m3 unchanged chunks[0m[39m
[37m[0m[0m[39m
[37m[0mBuild at: [1m[37m2023-11-29T08:56:29.109Z[39m[37m[22m - Hash: [1m[37m931d873842fdc642[39m[37m[22m - Time: [1m[37m573[39m[37m[22mms[0m[39m
[1m[31m[39m[22m
[1m[31m[0m[91mError: [39m[31m[0m[96msrc/app/main-dash/main-dash.component.ts[0m:[93m21[0m:[93m5[0m - [91merror[0m[90m TS1005: [0m':' expected.[39m[22m
[1m[31m[39m[22m
[1m[31m[7m21[0m     }[39m[22m
[1m[31m[7m  [0m [91m    ~[0m[39m[22m
[1m[31m[39m[22m
[1m[31m[39m[22m
[1m[31m[39m[22m
[37m[39m
[37m[91m√ó[39m[37m Failed to compile.[39m
[36m‚†ã[39m Generating browser application bundles...[2K[1G[36m‚†ô[39m Generating browser application bundles (phase: building)...[2K[1G[36m‚†π[39m Generating browser application bundles (phase: building)...[2K[1G[36m‚†∏[39m Generating browser application bundles (phase: building)...[2K[1G[36m‚†º[39m Generating browser application bundles (phase: emitting)...[2K[1G[32m‚úî[39m Browser application bundle generation complete.
[37m[39m
[37m[0m[1mInitial Chunk Files[22m[2m | [22m[1mNames[22m  [2m | [22m[1mRaw Size[22m[0m[39m
[37m[0m[92mmain.js[39m[37m            [2m | [22mmain   [2m | [22m[96m81.46 kB[39m[37m[2m | [22m[0m[39m
[37m[0m[92mruntime.js[39m[37m         [2m | [22mruntime[2m | [22m [96m8.01 kB[39m[37m[2m | [22m[0m[39m
[37m[0m[0m[39m
[37m[0m3 unchanged chunks[0m[39m
[37m[0m[0m[39m
[37m[0mBuild at: [1m[37m2023-11-29T08:57:48.110Z[39m[37m[22m - Hash: [1m[37m199a2e8bca8f89b6[39m[37m[22m - Time: [1m[37m846[39m[37m[22mms[0m[39m
[37m[39m
[37m[92m‚àö[39m[37m Compiled successfully.[39m
[36m‚†ã[39m Generating browser application bundles...[2K[1G[36m‚†ô[39m Generating browser application bundles (phase: building)...[2K[1G[36m‚†π[39m Generating browser application bundles (phase: building)...[2K[1G[36m‚†∏[39m Generating browser application bundles (phase: building)...[2K[1G[36m‚†º[39m Generating browser application bundles (phase: sealing)...[2K[1G[36m‚†¥[39m Generating browser application bundles (phase: emitting)...[2K[1G[32m‚úî[39m Browser application bundle generation complete.
[37m[39m
[37m[0m[1mInitial Chunk Files[22m[2m | [22m[1mNames[22m  [2m | [22m[1mRaw Size[22m[0m[39m
[37m[0m[92mmain.js[39m[37m            [2m | [22mmain   [2m | [22m[96m81.41 kB[39m[37m[2m | [22m[0m[39m
[37m[0m[92mruntime.js[39m[37m         [2m | [22mruntime[2m | [22m [96m8.01 kB[39m[37m[2m | [22m[0m[39m
[37m[0m[0m[39m
[37m[0m3 unchanged chunks[0m[39m
[37m[0m[0m[39m
[37m[0mBuild at: [1m[37m2023-11-29T09:09:41.501Z[39m[37m[22m - Hash: [1m[37m75111fd42a1b96af[39m[37m[22m - Time: [1m[37m1464[39m[37m[22mms[0m[39m
[37m[39m
[37m[92m‚àö[39m[37m Compiled successfully.[39m
[36m‚†ã[39m Generating browser application bundles...[2K[1G[36m‚†ô[39m Generating browser application bundles (phase: building)...[2K[1G[36m‚†π[39m Generating browser application bundles (phase: building)...[2K[1G[36m‚†∏[39m Generating browser application bundles (phase: building)...[2K[1G[36m‚†º[39m Generating browser application bundles (phase: building)...[2K[1G[36m‚†¥[39m Generating browser application bundles (phase: sealing)...[2K[1G[36m‚†¶[39m Generating browser application bundles (phase: emitting)...[2K[1G[32m‚úî[39m Browser application bundle generation complete.
[37m[39m
[37m[0m[1mInitial Chunk Files[22m[2m | [22m[1mNames[22m  [2m | [22m[1mRaw Size[22m[0m[39m
[37m[0m[92mmain.js[39m[37m            [2m | [22mmain   [2m | [22m[96m81.41 kB[39m[37m[2m | [22m[0m[39m
[37m[0m[92mruntime.js[39m[37m         [2m | [22mruntime[2m | [22m [96m8.01 kB[39m[37m[2m | [22m[0m[39m
[37m[0m[0m[39m
[37m[0m3 unchanged chunks[0m[39m
[37m[0m[0m[39m
[37m[0mBuild at: [1m[37m2023-11-29T09:12:04.478Z[39m[37m[22m - Hash: [1m[37m26afcbcbba0f0561[39m[37m[22m - Time: [1m[37m1894[39m[37m[22mms[0m[39m
[37m[39m
[37m[92m‚àö[39m[37m Compiled successfully.[39m
[36m‚†ã[39m Generating browser application bundles...[2K[1G[36m‚†ô[39m Generating browser application bundles (phase: building)...[2K[1G[36m‚†π[39m Generating browser application bundles (phase: building)...[2K[1G[36m‚†∏[39m Generating browser application bundles (phase: building)...[2K[1G[36m‚†º[39m Generating browser application bundles (phase: building)...[2K[1G[36m‚†¥[39m Generating browser application bundles (phase: sealing)...[2K[1G[36m‚†¶[39m Generating browser application bundles (phase: emitting)...[2K[1G[32m‚úî[39m Browser application bundle generation complete.
[37m[39m
[37m[0m[1mInitial Chunk Files[22m[2m | [22m[1mNames[22m  [2m | [22m[1mRaw Size[22m[0m[39m
[37m[0m[92mmain.js[39m[37m            [2m | [22mmain   [2m | [22m[96m81.41 kB[39m[37m[2m | [22m[0m[39m
[37m[0m[92mruntime.js[39m[37m         [2m | [22mruntime[2m | [22m [96m8.01 kB[39m[37m[2m | [22m[0m[39m
[37m[0m[0m[39m
[37m[0m3 unchanged chunks[0m[39m
[37m[0m[0m[39m
[37m[0mBuild at: [1m[37m2023-11-29T09:13:03.870Z[39m[37m[22m - Hash: [1m[37m10dcc6f5ade3409e[39m[37m[22m - Time: [1m[37m1282[39m[37m[22mms[0m[39m
[37m[39m
[37m[92m‚àö[39m[37m Compiled successfully.[39m
[36m‚†ã[39m Generating browser application bundles...[2K[1G[36m‚†ô[39m Generating browser application bundles (phase: building)...[2K[1G[36m‚†π[39m Generating browser application bundles (phase: building)...[2K[1G[36m‚†∏[39m Generating browser application bundles (phase: building)...[2K[1G[36m‚†º[39m Generating browser application bundles (phase: sealing)...[2K[1G[36m‚†¥[39m Generating browser application bundles (phase: emitting)...[2K[1G[32m‚úî[39m Browser application bundle generation complete.
[37m[39m
[37m[0m[1mInitial Chunk Files[22m[2m | [22m[1mNames[22m  [2m | [22m[1mRaw Size[22m[0m[39m
[37m[0m[92mmain.js[39m[37m            [2m | [22mmain   [2m | [22m[96m81.43 kB[39m[37m[2m | [22m[0m[39m
[37m[0m[92mruntime.js[39m[37m         [2m | [22mruntime[2m | [22m [96m8.01 kB[39m[37m[2m | [22m[0m[39m
[37m[0m[0m[39m
[37m[0m3 unchanged chunks[0m[39m
[37m[0m[0m[39m
[37m[0mBuild at: [1m[37m2023-11-29T09:15:41.025Z[39m[37m[22m - Hash: [1m[37m6fe53a22284fb6b9[39m[37m[22m - Time: [1m[37m1517[39m[37m[22mms[0m[39m
[37m[39m
[37m[92m‚àö[39m[37m Compiled successfully.[39m
[36m‚†ã[39m Generating browser application bundles...[2K[1G[36m‚†ô[39m Generating browser application bundles (phase: building)...[2K[1G[36m‚†π[39m Generating browser application bundles (phase: building)...[2K[1G[36m‚†∏[39m Generating browser application bundles (phase: building)...[2K[1G[36m‚†º[39m Generating browser application bundles (phase: building)...[2K[1G[36m‚†¥[39m Generating browser application bundles (phase: building)...[2K[1G[36m‚†¶[39m Generating browser application bundles (phase: sealing)...[2K[1G[36m‚†ß[39m Generating browser application bundles (phase: emitting)...[2K[1G[32m‚úî[39m Browser application bundle generation complete.
[37m[39m
[37m[0m[1mInitial Chunk Files[22m[2m | [22m[1mNames[22m  [2m | [22m[1mRaw Size[22m[0m[39m
[37m[0m[92mmain.js[39m[37m            [2m | [22mmain   [2m | [22m[96m81.47 kB[39m[37m[2m | [22m[0m[39m
[37m[0m[92mruntime.js[39m[37m         [2m | [22mruntime[2m | [22m [96m8.01 kB[39m[37m[2m | [22m[0m[39m
[37m[0m[0m[39m
[37m[0m3 unchanged chunks[0m[39m
[37m[0m[0m[39m
[37m[0mBuild at: [1m[37m2023-11-29T09:15:53.076Z[39m[37m[22m - Hash: [1m[37mf79edc771abb1132[39m[37m[22m - Time: [1m[37m1799[39m[37m[22mms[0m[39m
[37m[39m
[37m[92m‚àö[39m[37m Compiled successfully.[39m
[36m‚†ã[39m Generating browser application bundles...[2K[1G[36m‚†ô[39m Generating browser application bundles (phase: building)...[2K[1G[36m‚†π[39m Generating browser application bundles (phase: building)...[2K[1G[36m‚†∏[39m Generating browser application bundles (phase: building)...[2K[1G[36m‚†º[39m Generating browser application bundles (phase: sealing)...[2K[1G[36m‚†¥[39m Generating browser application bundles (phase: emitting)...[2K[1G[32m‚úî[39m Browser application bundle generation complete.
[37m[39m
[37m[0m[1mInitial Chunk Files[22m[2m | [22m[1mNames[22m  [2m | [22m[1mRaw Size[22m[0m[39m
[37m[0m[92mmain.js[39m[37m            [2m | [22mmain   [2m | [22m[96m81.46 kB[39m[37m[2m | [22m[0m[39m
[37m[0m[92mruntime.js[39m[37m         [2m | [22mruntime[2m | [22m [96m8.01 kB[39m[37m[2m | [22m[0m[39m
[37m[0m[0m[39m
[37m[0m3 unchanged chunks[0m[39m
[37m[0m[0m[39m
[37m[0mBuild at: [1m[37m2023-11-29T09:16:10.113Z[39m[37m[22m - Hash: [1m[37mb8459ff149390ca4[39m[37m[22m - Time: [1m[37m1108[39m[37m[22mms[0m[39m
[37m[39m
[37m[92m‚àö[39m[37m Compiled successfully.[39m
